#
# A fatal error has been detected by the Java Runtime Environment:
#
#  SIGSEGV (0xb) at pc=0x000000010736a7f6, pid=53661, tid=0x0000000000000307
#
# JRE version: Java(TM) SE Runtime Environment (8.0_131-b11) (build 1.8.0_131-b11)
# Java VM: Java HotSpot(TM) 64-Bit Server VM (25.131-b11 mixed mode bsd-amd64 compressed oops)
# Problematic frame:
# V  [libjvm.dylib+0x16a7f6]
#
# Failed to write core dump. Core dumps have been disabled. To enable core dumping, try "ulimit -c unlimited" before starting Java again
#
# If you would like to submit a bug report, please visit:
#   http://bugreport.java.com/bugreport/crash.jsp
#

---------------  T H R E A D  ---------------

Current thread is native thread

siginfo: si_signo: 11 (SIGSEGV), si_code: 1 (SEGV_MAPERR), si_addr: 0x0000000000000270

Registers:
RAX=0x0000000000000000, RBX=0x0000000000000000, RCX=0x0000000107a304e0, RDX=0x0000000000000000
RSP=0x00007ffee92a6f30, RBP=0x00007ffee92a6f40, RSI=0x0000000000000006, RDI=0x00007ffee92a6f50
R8 =0x0000000000000000, R9 =0x0000000000000000, R10=0x00007fffa70d9ed8, R11=0x00007f827cad2c40
R12=0x00007f8279a699f8, R13=0x00007f827a700ed0, R14=0x00007f827cd5ad30, R15=0x00007f8279a699f8
RIP=0x000000010736a7f6, EFLAGS=0x0000000000010246, ERR=0x0000000000000006
  TRAPNO=0x000000000000000e

Top of Stack: (sp=0x00007ffee92a6f30)
0x00007ffee92a6f30:   0000000000000000 00007f827cd5ad30
0x00007ffee92a6f40:   00007ffee92a6f70 0000000107514d6a
0x00007ffee92a6f50:   0000000000000000 00007f827ce31f60
0x00007ffee92a6f60:   0000000000000008 00007f827ca5f4a0
0x00007ffee92a6f70:   00007ffee92a6f90 00007fff502a1e4e
0x00007ffee92a6f80:   00007f8279a699f8 00007f82783bc400
0x00007ffee92a6f90:   00007ffee92a6fb0 00007fff502a1c5b
0x00007ffee92a6fa0:   00007f827ce31f00 00007f827a4c6cc0
0x00007ffee92a6fb0:   00007ffee92a7010 000000012fe10f53
0x00007ffee92a6fc0:   00007fff4a93a53e 0000000000000000
0x00007ffee92a6fd0:   4119994f09aafe35 00007f82783bc400
0x00007ffee92a6fe0:   00007ffee92a7010 00007fff73402e80
0x00007ffee92a6ff0:   00007f827ca5f4a0 00007f827a700ed0
0x00007ffee92a7000:   00007f827ca5f4e0 00007f82783bc400
0x00007ffee92a7010:   00007ffee92a70c0 00007fff5784f96e
0x00007ffee92a7020:   00007f827ca5f4a0 0000000000000000
0x00007ffee92a7030:   0000000000000000 00007f827ca5f4a0
0x00007ffee92a7040:   0000000000000000 0000000000000000
0x00007ffee92a7050:   00007ffee92a70a0 0000000000000004
0x00007ffee92a7060:   0000000000000000 4119994f09aafe35
0x00007ffee92a7070:   0000000000000004 0000000000000000
0x00007ffee92a7080:   0000000000000000 00007ffee92a70a0
0x00007ffee92a7090:   00007f827ca5f4a0 00007fff73402e80
0x00007ffee92a70a0:   0000000000000004 0000000000000000
0x00007ffee92a70b0:   00007f827ca5f4a0 00007fff4a93a53e
0x00007ffee92a70c0:   00007ffee92a7130 00007fff5784efcf
0x00007ffee92a70d0:   0000000000000000 0000000000000000
0x00007ffee92a70e0:   4092c00000000000 4088500000000000
0x00007ffee92a70f0:   4088500000000000 4092c00000000000
0x00007ffee92a7100:   4000000000000000 00007ffee92a7200
0x00007ffee92a7110:   00007fff73402e80 0000000000000000
0x00007ffee92a7120:   00007fff4a93c539 00007f827a602190 

Instructions: (pc=0x000000010736a7f6)
0x000000010736a7d6:   0e 48 8b 0b 49 8b 56 18 48 63 c0 48 89 0c c2 5b
0x000000010736a7e6:   41 5e 5d c3 90 90 55 48 89 e5 41 56 53 48 8b 1f
0x000000010736a7f6:   c7 83 70 02 00 00 05 00 00 00 48 8d 05 21 6c 78
0x000000010736a806:   00 8b 00 83 f8 01 41 89 f6 75 0c 48 8d 0d 6e d7 

Register to memory mapping:

RAX=0x0000000000000000 is an unknown value
RBX=0x0000000000000000 is an unknown value
RCX=0x0000000107a304e0: jni_NativeInterface+0 in /Library/Java/JavaVirtualMachines/jdk1.8.0_131.jdk/Contents/Home/jre/lib/server/libjvm.dylib at 0x0000000107200000
RDX=0x0000000000000000 is an unknown value
RSP=0x00007ffee92a6f30 is an unknown value
RBP=0x00007ffee92a6f40 is an unknown value
RSI=0x0000000000000006 is an unknown value
RDI=0x00007ffee92a6f50 is an unknown value
R8 =0x0000000000000000 is an unknown value
R9 =0x0000000000000000 is an unknown value
R10=0x00007fffa70d9ed8: OBJC_CLASS_$_JNFWeakJObjectWrapper+0 in /System/Library/Frameworks/JavaVM.framework/Versions/A/Frameworks/JavaNativeFoundation.framework/Versions/A/JavaNativeFoundation at 0x00007fff5029b000
R11=0x00007f827cad2c40 is an unknown value
R12=0x00007f8279a699f8 is an unknown value
R13=0x00007f827a700ed0 is an unknown value
R14=0x00007f827cd5ad30 is a weak global jni handle
R15=0x00007f8279a699f8 is an unknown value


Stack: [0x00007ffee8aab000,0x00007ffee92ab000],  sp=0x00007ffee92a6f30,  free space=8175k
Native frames: (J=compiled Java code, j=interpreted, Vv=VM code, C=native code)
V  [libjvm.dylib+0x16a7f6]
V  [libjvm.dylib+0x314d6a]
C  [JavaNativeFoundation+0x6e4e]  -[JNFWeakJObjectWrapper _getWithEnv:]+0x26
C  [JavaNativeFoundation+0x6c5b]  -[JNFJObjectWrapper jObjectWithEnv:]+0x16
C  [libawt_lwawt.dylib+0x1af53]  -[CGLLayer drawInCGLContext:pixelFormat:forLayerTime:displayTime:]+0xa4
C  [QuartzCore+0x7096e]  _ZL17CAOpenGLLayerDrawP13CAOpenGLLayerdPK11CVTimeStampj+0x7a7
C  [QuartzCore+0x6ffcf]  -[CAOpenGLLayer _display]+0x235
C  [QuartzCore+0x11d3b]  _ZN2CA5Layer17display_if_neededEPNS_11TransactionE+0x279
C  [QuartzCore+0x117f9]  _ZN2CA5Layer28layout_and_display_if_neededEPNS_11TransactionE+0x23
C  [QuartzCore+0x10894]  _ZN2CA7Context18commit_transactionEPNS_11TransactionE+0x146
C  [QuartzCore+0x1043d]  _ZN2CA11Transaction6commitEv+0x1e7
C  [QuartzCore+0x1bf32]  _ZN2CA11Transaction17observer_callbackEP19__CFRunLoopObservermPv+0x42
C  [CoreFoundation+0xa3127]  __CFRUNLOOP_IS_CALLING_OUT_TO_AN_OBSERVER_CALLBACK_FUNCTION__+0x17
C  [CoreFoundation+0xa304f]  __CFRunLoopDoObservers+0x20f
C  [CoreFoundation+0x85810]  __CFRunLoopRun+0x640
C  [CoreFoundation+0x84f43]  CFRunLoopRunSpecific+0x1e3
C  [java+0x6465]  CreateExecutionEnvironment+0x367
C  [java+0x218c]  JLI_Launch+0x7a0
C  [java+0x84c2]  main+0x65
C  [java+0x19e4]  start+0x34


---------------  P R O C E S S  ---------------

VM state:not at safepoint (normal execution)

VM Mutex/Monitor currently owned by a thread: None

Heap:
 PSYoungGen      total 265728K, used 70383K [0x0000000795580000, 0x00000007aa880000, 0x00000007c0000000)
  eden space 194560K, 31% used [0x0000000795580000,0x00000007991c22b0,0x00000007a1380000)
  from space 71168K, 12% used [0x00000007a6300000,0x00000007a6b79cb0,0x00000007aa880000)
  to   space 76288K, 0% used [0x00000007a1380000,0x00000007a1380000,0x00000007a5e00000)
 ParOldGen       total 260608K, used 136221K [0x0000000740000000, 0x000000074fe80000, 0x0000000795580000)
  object space 260608K, 52% used [0x0000000740000000,0x00000007485077a8,0x000000074fe80000)
 Metaspace       used 24167K, capacity 24976K, committed 25216K, reserved 1071104K
  class space    used 3146K, capacity 3331K, committed 3456K, reserved 1048576K

Card table byte_map: [0x00000001085ee000,0x00000001089ef000] byte_map_base: 0x0000000104bee000

Marking Bits: (ParMarkBitMap*) 0x0000000107af1ea0
 Begin Bits: [0x0000000108c9a000, 0x000000010ac9a000)
 End Bits:   [0x000000010ac9a000, 0x000000010cc9a000)

Polling page: 0x00000001069d1000

CodeCache: size=245760Kb used=7586Kb max_used=7595Kb free=238173Kb
 bounds [0x0000000112c6c000, 0x00000001133ec000, 0x0000000121c6c000]
 total_blobs=3181 nmethods=2387 adapters=715
 compilation: enabled

Compilation events (10 events):
Event: 34.556 Thread 0x00007f8279003800 2580       3       java.awt.image.SampleModel::<init> (189 bytes)
Event: 34.558 Thread 0x00007f8279003800 nmethod 2580 0x00000001133d9dd0 code [0x00000001133da180, 0x00000001133dc0c8]
Event: 34.558 Thread 0x00007f8279003800 2581       3       java.awt.Rectangle::isEmpty (20 bytes)
Event: 34.558 Thread 0x00007f8279003800 nmethod 2581 0x00000001133d52d0 code [0x00000001133d5440, 0x00000001133d5630]
Event: 34.582 Thread 0x00007f8279003000 2582       4       java.awt.Rectangle::<init> (26 bytes)
Event: 34.583 Thread 0x00007f8279003000 nmethod 2582 0x00000001133d3b90 code [0x00000001133d3ce0, 0x00000001133d3d58]
Event: 34.599 Thread 0x00007f8279003800 2583       3       java.util.Vector::<init> (7 bytes)
Event: 34.599 Thread 0x00007f8279003800 nmethod 2583 0x00000001133d4e50 code [0x00000001133d4fc0, 0x00000001133d5168]
Event: 34.614 Thread 0x00007f8279003800 2584       3       sun.java2d.pipe.Region::clipScale (41 bytes)
Event: 34.615 Thread 0x00007f8279003800 nmethod 2584 0x00000001133d1710 code [0x00000001133d18c0, 0x00000001133d1ba8]

GC Heap History (10 events):
Event: 20.149 GC heap before
{Heap before GC invocations=8 (full 3):
 PSYoungGen      total 71680K, used 5095K [0x0000000795580000, 0x000000079dc80000, 0x00000007c0000000)
  eden space 66560K, 0% used [0x0000000795580000,0x0000000795580000,0x0000000799680000)
  from space 5120K, 99% used [0x0000000799680000,0x0000000799b79c40,0x0000000799b80000)
  to   space 5120K, 0% used [0x000000079d780000,0x000000079d780000,0x000000079dc80000)
 ParOldGen       total 73728K, used 38284K [0x0000000740000000, 0x0000000744800000, 0x0000000795580000)
  object space 73728K, 51% used [0x0000000740000000,0x00000007425633c8,0x0000000744800000)
 Metaspace       used 22845K, capacity 23590K, committed 23808K, reserved 1069056K
  class space    used 3016K, capacity 3220K, committed 3328K, reserved 1048576K
Event: 20.198 GC heap after
Heap after GC invocations=8 (full 3):
 PSYoungGen      total 71680K, used 0K [0x0000000795580000, 0x000000079dc80000, 0x00000007c0000000)
  eden space 66560K, 0% used [0x0000000795580000,0x0000000795580000,0x0000000799680000)
  from space 5120K, 0% used [0x0000000799680000,0x0000000799680000,0x0000000799b80000)
  to   space 5120K, 0% used [0x000000079d780000,0x000000079d780000,0x000000079dc80000)
 ParOldGen       total 113664K, used 35680K [0x0000000740000000, 0x0000000746f00000, 0x0000000795580000)
  object space 113664K, 31% used [0x0000000740000000,0x00000007422d82b0,0x0000000746f00000)
 Metaspace       used 22845K, capacity 23590K, committed 23808K, reserved 1069056K
  class space    used 3016K, capacity 3220K, committed 3328K, reserved 1048576K
}
Event: 23.077 GC heap before
{Heap before GC invocations=9 (full 3):
 PSYoungGen      total 71680K, used 66482K [0x0000000795580000, 0x000000079dc80000, 0x00000007c0000000)
  eden space 66560K, 99% used [0x0000000795580000,0x000000079966cb98,0x0000000799680000)
  from space 5120K, 0% used [0x0000000799680000,0x0000000799680000,0x0000000799b80000)
  to   space 5120K, 0% used [0x000000079d780000,0x000000079d780000,0x000000079dc80000)
 ParOldGen       total 113664K, used 35680K [0x0000000740000000, 0x0000000746f00000, 0x0000000795580000)
  object space 113664K, 31% used [0x0000000740000000,0x00000007422d82b0,0x0000000746f00000)
 Metaspace       used 23000K, capacity 23718K, committed 24064K, reserved 1071104K
  class space    used 3017K, capacity 3220K, committed 3328K, reserved 1048576K
Event: 23.085 GC heap after
Heap after GC invocations=9 (full 3):
 PSYoungGen      total 115200K, used 5006K [0x0000000795580000, 0x000000079f800000, 0x00000007c0000000)
  eden space 110080K, 0% used [0x0000000795580000,0x0000000795580000,0x000000079c100000)
  from space 5120K, 97% used [0x000000079d780000,0x000000079dc638a8,0x000000079dc80000)
  to   space 23040K, 0% used [0x000000079c100000,0x000000079c100000,0x000000079d780000)
 ParOldGen       total 113664K, used 57389K [0x0000000740000000, 0x0000000746f00000, 0x0000000795580000)
  object space 113664K, 50% used [0x0000000740000000,0x000000074380b560,0x0000000746f00000)
 Metaspace       used 23000K, capacity 23718K, committed 24064K, reserved 1071104K
  class space    used 3017K, capacity 3220K, committed 3328K, reserved 1048576K
}
Event: 28.518 GC heap before
{Heap before GC invocations=10 (full 3):
 PSYoungGen      total 115200K, used 112368K [0x0000000795580000, 0x000000079f800000, 0x00000007c0000000)
  eden space 110080K, 97% used [0x0000000795580000,0x000000079be588f8,0x000000079c100000)
  from space 5120K, 97% used [0x000000079d780000,0x000000079dc638a8,0x000000079dc80000)
  to   space 23040K, 0% used [0x000000079c100000,0x000000079c100000,0x000000079d780000)
 ParOldGen       total 113664K, used 57389K [0x0000000740000000, 0x0000000746f00000, 0x0000000795580000)
  object space 113664K, 50% used [0x0000000740000000,0x000000074380b560,0x0000000746f00000)
 Metaspace       used 24086K, capacity 24800K, committed 25088K, reserved 1071104K
  class space    used 3135K, capacity 3321K, committed 3328K, reserved 1048576K
Event: 28.567 GC heap after
Heap after GC invocations=10 (full 3):
 PSYoungGen      total 133120K, used 23010K [0x0000000795580000, 0x00000007ab100000, 0x00000007c0000000)
  eden space 110080K, 0% used [0x0000000795580000,0x0000000795580000,0x000000079c100000)
  from space 23040K, 99% used [0x000000079c100000,0x000000079d778ad0,0x000000079d780000)
  to   space 79872K, 0% used [0x00000007a6300000,0x00000007a6300000,0x00000007ab100000)
 ParOldGen       total 159744K, used 159532K [0x0000000740000000, 0x0000000749c00000, 0x0000000795580000)
  object space 159744K, 99% used [0x0000000740000000,0x0000000749bcb300,0x0000000749c00000)
 Metaspace       used 24086K, capacity 24800K, committed 25088K, reserved 1071104K
  class space    used 3135K, capacity 3321K, committed 3328K, reserved 1048576K
}
Event: 28.567 GC heap before
{Heap before GC invocations=11 (full 4):
 PSYoungGen      total 133120K, used 23010K [0x0000000795580000, 0x00000007ab100000, 0x00000007c0000000)
  eden space 110080K, 0% used [0x0000000795580000,0x0000000795580000,0x000000079c100000)
  from space 23040K, 99% used [0x000000079c100000,0x000000079d778ad0,0x000000079d780000)
  to   space 79872K, 0% used [0x00000007a6300000,0x00000007a6300000,0x00000007ab100000)
 ParOldGen       total 159744K, used 159532K [0x0000000740000000, 0x0000000749c00000, 0x0000000795580000)
  object space 159744K, 99% used [0x0000000740000000,0x0000000749bcb300,0x0000000749c00000)
 Metaspace       used 24086K, capacity 24800K, committed 25088K, reserved 1071104K
  class space    used 3135K, capacity 3321K, committed 3328K, reserved 1048576K
Event: 28.590 GC heap after
Heap after GC invocations=11 (full 4):
 PSYoungGen      total 133120K, used 0K [0x0000000795580000, 0x00000007ab100000, 0x00000007c0000000)
  eden space 110080K, 0% used [0x0000000795580000,0x0000000795580000,0x000000079c100000)
  from space 23040K, 0% used [0x000000079c100000,0x000000079c100000,0x000000079d780000)
  to   space 79872K, 0% used [0x00000007a6300000,0x00000007a6300000,0x00000007ab100000)
 ParOldGen       total 260608K, used 136213K [0x0000000740000000, 0x000000074fe80000, 0x0000000795580000)
  object space 260608K, 52% used [0x0000000740000000,0x00000007485057a8,0x000000074fe80000)
 Metaspace       used 24086K, capacity 24800K, committed 25088K, reserved 1071104K
  class space    used 3135K, capacity 3321K, committed 3328K, reserved 1048576K
}
Event: 33.618 GC heap before
{Heap before GC invocations=12 (full 4):
 PSYoungGen      total 133120K, used 109716K [0x0000000795580000, 0x00000007ab100000, 0x00000007c0000000)
  eden space 110080K, 99% used [0x0000000795580000,0x000000079c0a5020,0x000000079c100000)
  from space 23040K, 0% used [0x000000079c100000,0x000000079c100000,0x000000079d780000)
  to   space 79872K, 0% used [0x00000007a6300000,0x00000007a6300000,0x00000007ab100000)
 ParOldGen       total 260608K, used 136213K [0x0000000740000000, 0x000000074fe80000, 0x0000000795580000)
  object space 260608K, 52% used [0x0000000740000000,0x00000007485057a8,0x000000074fe80000)
 Metaspace       used 24109K, capacity 24868K, committed 25088K, reserved 1071104K
  class space    used 3135K, capacity 3321K, committed 3328K, reserved 1048576K
Event: 33.623 GC heap after
Heap after GC invocations=12 (full 4):
 PSYoungGen      total 265728K, used 8679K [0x0000000795580000, 0x00000007aa880000, 0x00000007c0000000)
  eden space 194560K, 0% used [0x0000000795580000,0x0000000795580000,0x00000007a1380000)
  from space 71168K, 12% used [0x00000007a6300000,0x00000007a6b79cb0,0x00000007aa880000)
  to   space 76288K, 0% used [0x00000007a1380000,0x00000007a1380000,0x00000007a5e00000)
 ParOldGen       total 260608K, used 136221K [0x0000000740000000, 0x000000074fe80000, 0x0000000795580000)
  object space 260608K, 52% used [0x0000000740000000,0x00000007485077a8,0x000000074fe80000)
 Metaspace       used 24109K, capacity 24868K, committed 25088K, reserved 1071104K
  class space    used 3135K, capacity 3321K, committed 3328K, reserved 1048576K
}

Deoptimization events (10 events):
Event: 14.534 Thread 0x00007f8279a69800 Uncommon trap: reason=unstable_if action=reinterpret pc=0x0000000112eaa0cc method=java.lang.AbstractStringBuilder.append(Ljava/lang/String;)Ljava/lang/AbstractStringBuilder; @ 1
Event: 14.586 Thread 0x00007f8279a69800 Uncommon trap: reason=unstable_if action=reinterpret pc=0x0000000112e9ef2c method=java.util.HashMap.hash(Ljava/lang/Object;)I @ 1
Event: 14.589 Thread 0x00007f8279a69800 Uncommon trap: reason=unstable_if action=reinterpret pc=0x0000000112ef79ac method=java.util.HashMap.hash(Ljava/lang/Object;)I @ 1
Event: 14.641 Thread 0x00007f8279a53800 Uncommon trap: reason=unstable_if action=reinterpret pc=0x0000000112f9d914 method=java.io.BufferedInputStream.read1([BII)I @ 29
Event: 14.742 Thread 0x00007f8279a53800 Uncommon trap: reason=unstable_if action=reinterpret pc=0x0000000112f90120 method=java.io.BufferedInputStream.read1([BII)I @ 29
Event: 14.743 Thread 0x00007f8279a53800 Uncommon trap: reason=unstable_if action=reinterpret pc=0x0000000112e1f304 method=sun.awt.image.PNGImageDecoder.update_crc(I[BII)I @ 7
Event: 14.774 Thread 0x00007f8279a53800 Uncommon trap: reason=unstable_if action=reinterpret pc=0x0000000113204a68 method=sun.awt.image.PNGImageDecoder.produceImage()V @ 867
Event: 14.775 Thread 0x00007f8279a53800 Uncommon trap: reason=unstable_if action=reinterpret pc=0x00000001131ec664 method=sun.awt.image.ImageRepresentation.getOpaqueRGBImage()Ljava/awt/image/BufferedImage; @ 57
Event: 27.340 Thread 0x00007f82780f1800 Uncommon trap: reason=null_check action=make_not_entrant pc=0x00000001131cad3c method=java.awt.Component.isLightweight()Z @ 4
Event: 27.397 Thread 0x00007f82780f1800 Uncommon trap: reason=unstable_if action=reinterpret pc=0x0000000113329e40 method=java.awt.image.ComponentSampleModel.getPixel(II[ILjava/awt/image/DataBuffer;)[I @ 35

Internal exceptions (10 events):
Event: 14.533 Thread 0x00007f8279a69800 Implicit null exception at 0x0000000112ebbe76 to 0x0000000112ebc3ed
Event: 14.534 Thread 0x00007f8279a69800 Implicit null exception at 0x0000000112ea9b76 to 0x0000000112eaa0b5
Event: 14.586 Thread 0x00007f8279a69800 Implicit null exception at 0x0000000112e9ec74 to 0x0000000112e9ef15
Event: 14.589 Thread 0x00007f8279a69800 Implicit null exception at 0x0000000112ef792f to 0x0000000112ef799d
Event: 20.199 Thread 0x00007f8278810800 Exception <a 'java/lang/NullPointerException'> (0x0000000795608968) thrown at [/Users/java_re/workspace/8-2-build-macosx-x86_64/jdk8u131/8869/hotspot/src/share/vm/interpreter/linkResolver.cpp, line 1197]
Event: 27.340 Thread 0x00007f82780f1800 Implicit null exception at 0x00000001131cacd0 to 0x00000001131cad2c
Event: 27.397 Thread 0x00007f82780f1800 Implicit null exception at 0x0000000113329464 to 0x0000000113329e1d
Event: 28.591 Thread 0x00007f8278810800 Exception <a 'java/lang/NullPointerException'> (0x0000000795948378) thrown at [/Users/java_re/workspace/8-2-build-macosx-x86_64/jdk8u131/8869/hotspot/src/share/vm/interpreter/linkResolver.cpp, line 1197]
Event: 33.957 Thread 0x00007f82799dd800 Exception <a 'java/lang/NoSuchMethodError': <clinit>> (0x000000079678c8d8) thrown at [/Users/java_re/workspace/8-2-build-macosx-x86_64/jdk8u131/8869/hotspot/src/share/vm/prims/jni.cpp, line 1613]
Event: 33.957 Thread 0x00007f82799dd800 Exception <a 'java/lang/NoSuchMethodError': <clinit>> (0x000000079678e2c8) thrown at [/Users/java_re/workspace/8-2-build-macosx-x86_64/jdk8u131/8869/hotspot/src/share/vm/prims/jni.cpp, line 1613]

Events (10 events):
Event: 33.955 Thread 0x00007f82799dd800 DEOPT UNPACKING pc=0x0000000112cb3633 sp=0x0000700011636a90 mode 1
Event: 33.955 loading class edu/rice/cs/drjava/model/repl/newjvm/InterpretResult$NumberValueResult
Event: 33.955 loading class edu/rice/cs/drjava/model/repl/newjvm/InterpretResult$NumberValueResult done
Event: 33.955 Thread 0x00007f82799dd800 DEOPT PACKING pc=0x0000000112e16379 sp=0x0000700011636a30
Event: 33.955 Thread 0x00007f82799dd800 DEOPT UNPACKING pc=0x0000000112cb3633 sp=0x00007000116367b0 mode 1
Event: 33.955 Thread 0x00007f82799dd800 DEOPT PACKING pc=0x0000000112d9ef14 sp=0x0000700011636ac0
Event: 33.955 Thread 0x00007f82799dd800 DEOPT UNPACKING pc=0x0000000112cb3633 sp=0x0000700011636900 mode 1
Event: 33.955 Thread 0x00007f82799dd800 DEOPT PACKING pc=0x0000000112d9ecb4 sp=0x0000700011636c50
Event: 33.955 Thread 0x00007f82799dd800 DEOPT UNPACKING pc=0x0000000112cb3633 sp=0x0000700011636a90 mode 1
Event: 33.956 Thread 0x00007f8279003800 flushing nmethod 0x0000000112ffed90


Dynamic libraries:
0x0000000024c95000 	/System/Library/Frameworks/Cocoa.framework/Versions/A/Cocoa
0x0000000024c95000 	/System/Library/Frameworks/Security.framework/Versions/A/Security
0x0000000024c95000 	/System/Library/Frameworks/ApplicationServices.framework/Versions/A/ApplicationServices
0x0000000024c95000 	/usr/lib/libz.1.dylib
0x0000000024c95000 	/usr/lib/libSystem.B.dylib
0x0000000024c95000 	/usr/lib/libobjc.A.dylib
0x0000000024c95000 	/System/Library/Frameworks/CoreFoundation.framework/Versions/A/CoreFoundation
0x0000000024c95000 	/System/Library/Frameworks/Foundation.framework/Versions/C/Foundation
0x0000000024c95000 	/System/Library/Frameworks/AppKit.framework/Versions/C/AppKit
0x0000000024c95000 	/System/Library/Frameworks/CoreData.framework/Versions/A/CoreData
0x0000000024c95000 	/System/Library/PrivateFrameworks/RemoteViewServices.framework/Versions/A/RemoteViewServices
0x0000000024c95000 	/System/Library/PrivateFrameworks/UIFoundation.framework/Versions/A/UIFoundation
0x0000000024c95000 	/System/Library/PrivateFrameworks/DFRFoundation.framework/Versions/A/DFRFoundation
0x0000000024c95000 	/System/Library/Frameworks/Metal.framework/Versions/A/Metal
0x0000000024c95000 	/System/Library/PrivateFrameworks/DesktopServicesPriv.framework/Versions/A/DesktopServicesPriv
0x0000000024c95000 	/usr/lib/libenergytrace.dylib
0x0000000024c95000 	/System/Library/PrivateFrameworks/SkyLight.framework/Versions/A/SkyLight
0x0000000024c95000 	/System/Library/Frameworks/CoreGraphics.framework/Versions/A/CoreGraphics
0x0000000024c95000 	/usr/lib/libScreenReader.dylib
0x0000000024c95000 	/System/Library/Frameworks/Accelerate.framework/Versions/A/Accelerate
0x0000000024c95000 	/System/Library/Frameworks/IOSurface.framework/Versions/A/IOSurface
0x0000000024c95000 	/System/Library/Frameworks/AudioToolbox.framework/Versions/A/AudioToolbox
0x0000000024c95000 	/System/Library/Frameworks/AudioUnit.framework/Versions/A/AudioUnit
0x0000000024c95000 	/System/Library/PrivateFrameworks/DataDetectorsCore.framework/Versions/A/DataDetectorsCore
0x0000000024c95000 	/System/Library/Frameworks/Carbon.framework/Versions/A/Frameworks/HIToolbox.framework/Versions/A/HIToolbox
0x0000000024c95000 	/usr/lib/libicucore.A.dylib
0x0000000024c95000 	/System/Library/Frameworks/QuartzCore.framework/Versions/A/QuartzCore
0x0000000024c95000 	/System/Library/Frameworks/Carbon.framework/Versions/A/Frameworks/SpeechRecognition.framework/Versions/A/SpeechRecognition
0x0000000024c95000 	/usr/lib/libauto.dylib
0x0000000024c95000 	/usr/lib/libxml2.2.dylib
0x0000000024c95000 	/System/Library/PrivateFrameworks/CoreUI.framework/Versions/A/CoreUI
0x0000000024c95000 	/System/Library/Frameworks/CoreAudio.framework/Versions/A/CoreAudio
0x0000000024c95000 	/System/Library/Frameworks/DiskArbitration.framework/Versions/A/DiskArbitration
0x0000000024c95000 	/usr/lib/liblangid.dylib
0x0000000024c95000 	/System/Library/PrivateFrameworks/MultitouchSupport.framework/Versions/A/MultitouchSupport
0x0000000024c95000 	/System/Library/Frameworks/IOKit.framework/Versions/A/IOKit
0x0000000024c95000 	/usr/lib/libDiagnosticMessagesClient.dylib
0x0000000024c95000 	/System/Library/Frameworks/CoreServices.framework/Versions/A/CoreServices
0x0000000024c95000 	/System/Library/PrivateFrameworks/PerformanceAnalysis.framework/Versions/A/PerformanceAnalysis
0x0000000024c95000 	/System/Library/Frameworks/OpenGL.framework/Versions/A/OpenGL
0x0000000024c95000 	/System/Library/Frameworks/ColorSync.framework/Versions/A/ColorSync
0x0000000024c95000 	/System/Library/Frameworks/CoreImage.framework/Versions/A/CoreImage
0x0000000024c95000 	/System/Library/Frameworks/CoreText.framework/Versions/A/CoreText
0x0000000024c95000 	/System/Library/Frameworks/ImageIO.framework/Versions/A/ImageIO
0x0000000024c95000 	/System/Library/PrivateFrameworks/Backup.framework/Versions/A/Backup
0x0000000024c95000 	/usr/lib/libarchive.2.dylib
0x0000000024c95000 	/System/Library/Frameworks/CFNetwork.framework/Versions/A/CFNetwork
0x0000000024c95000 	/System/Library/Frameworks/SystemConfiguration.framework/Versions/A/SystemConfiguration
0x0000000024c95000 	/usr/lib/libCRFSuite.dylib
0x0000000024c95000 	/usr/lib/libc++.1.dylib
0x0000000024c95000 	/usr/lib/libc++abi.dylib
0x0000000024c95000 	/usr/lib/system/libcache.dylib
0x0000000024c95000 	/usr/lib/system/libcommonCrypto.dylib
0x0000000024c95000 	/usr/lib/system/libcompiler_rt.dylib
0x0000000024c95000 	/usr/lib/system/libcopyfile.dylib
0x0000000024c95000 	/usr/lib/system/libcorecrypto.dylib
0x0000000024c95000 	/usr/lib/system/libdispatch.dylib
0x0000000024c95000 	/usr/lib/system/libdyld.dylib
0x0000000024c95000 	/usr/lib/system/libkeymgr.dylib
0x0000000024c95000 	/usr/lib/system/liblaunch.dylib
0x0000000024c95000 	/usr/lib/system/libmacho.dylib
0x0000000024c95000 	/usr/lib/system/libquarantine.dylib
0x0000000024c95000 	/usr/lib/system/libremovefile.dylib
0x0000000024c95000 	/usr/lib/system/libsystem_asl.dylib
0x0000000024c95000 	/usr/lib/system/libsystem_blocks.dylib
0x0000000024c95000 	/usr/lib/system/libsystem_c.dylib
0x0000000024c95000 	/usr/lib/system/libsystem_configuration.dylib
0x0000000024c95000 	/usr/lib/system/libsystem_coreservices.dylib
0x0000000024c95000 	/usr/lib/system/libsystem_darwin.dylib
0x0000000024c95000 	/usr/lib/system/libsystem_dnssd.dylib
0x0000000024c95000 	/usr/lib/system/libsystem_info.dylib
0x0000000024c95000 	/usr/lib/system/libsystem_m.dylib
0x0000000024c95000 	/usr/lib/system/libsystem_malloc.dylib
0x0000000024c95000 	/usr/lib/system/libsystem_network.dylib
0x0000000024c95000 	/usr/lib/system/libsystem_networkextension.dylib
0x0000000024c95000 	/usr/lib/system/libsystem_notify.dylib
0x0000000024c95000 	/usr/lib/system/libsystem_sandbox.dylib
0x0000000024c95000 	/usr/lib/system/libsystem_secinit.dylib
0x0000000024c95000 	/usr/lib/system/libsystem_kernel.dylib
0x0000000024c95000 	/usr/lib/system/libsystem_platform.dylib
0x0000000024c95000 	/usr/lib/system/libsystem_pthread.dylib
0x0000000024c95000 	/usr/lib/system/libsystem_symptoms.dylib
0x0000000024c95000 	/usr/lib/system/libsystem_trace.dylib
0x0000000024c95000 	/usr/lib/system/libunwind.dylib
0x0000000024c95000 	/usr/lib/system/libxpc.dylib
0x0000000024c95000 	/usr/lib/closure/libclosured.dylib
0x0000000024c95000 	/usr/lib/libbsm.0.dylib
0x0000000024c95000 	/usr/lib/system/libkxld.dylib
0x0000000024c95000 	/usr/lib/libOpenScriptingUtil.dylib
0x0000000024c95000 	/usr/lib/libcoretls.dylib
0x0000000024c95000 	/usr/lib/libcoretls_cfhelpers.dylib
0x0000000024c95000 	/usr/lib/libpam.2.dylib
0x0000000024c95000 	/usr/lib/libsqlite3.dylib
0x0000000024c95000 	/usr/lib/libxar.1.dylib
0x0000000024c95000 	/usr/lib/libbz2.1.0.dylib
0x0000000024c95000 	/usr/lib/liblzma.5.dylib
0x0000000024c95000 	/usr/lib/libnetwork.dylib
0x0000000024c95000 	/usr/lib/libapple_nghttp2.dylib
0x0000000024c95000 	/usr/lib/libpcap.A.dylib
0x0000000024c95000 	/usr/lib/libboringssl.dylib
0x0000000024c95000 	/usr/lib/libusrtcp.dylib
0x0000000024c95000 	/usr/lib/libapple_crypto.dylib
0x0000000024c95000 	/System/Library/Frameworks/CoreServices.framework/Versions/A/Frameworks/FSEvents.framework/Versions/A/FSEvents
0x0000000024c95000 	/System/Library/Frameworks/CoreServices.framework/Versions/A/Frameworks/CarbonCore.framework/Versions/A/CarbonCore
0x0000000024c95000 	/System/Library/Frameworks/CoreServices.framework/Versions/A/Frameworks/Metadata.framework/Versions/A/Metadata
0x0000000024c95000 	/System/Library/Frameworks/CoreServices.framework/Versions/A/Frameworks/OSServices.framework/Versions/A/OSServices
0x0000000024c95000 	/System/Library/Frameworks/CoreServices.framework/Versions/A/Frameworks/SearchKit.framework/Versions/A/SearchKit
0x0000000024c95000 	/System/Library/Frameworks/CoreServices.framework/Versions/A/Frameworks/AE.framework/Versions/A/AE
0x0000000024c95000 	/System/Library/Frameworks/CoreServices.framework/Versions/A/Frameworks/LaunchServices.framework/Versions/A/LaunchServices
0x0000000024c95000 	/System/Library/Frameworks/CoreServices.framework/Versions/A/Frameworks/DictionaryServices.framework/Versions/A/DictionaryServices
0x0000000024c95000 	/System/Library/Frameworks/CoreServices.framework/Versions/A/Frameworks/SharedFileList.framework/Versions/A/SharedFileList
0x0000000024c95000 	/System/Library/Frameworks/NetFS.framework/Versions/A/NetFS
0x0000000024c95000 	/System/Library/PrivateFrameworks/NetAuth.framework/Versions/A/NetAuth
0x0000000024c95000 	/System/Library/PrivateFrameworks/login.framework/Versions/A/Frameworks/loginsupport.framework/Versions/A/loginsupport
0x0000000024c95000 	/System/Library/PrivateFrameworks/TCC.framework/Versions/A/TCC
0x0000000024c95000 	/usr/lib/libmecabra.dylib
0x0000000024c95000 	/System/Library/Frameworks/ApplicationServices.framework/Versions/A/Frameworks/ATS.framework/Versions/A/ATS
0x0000000024c95000 	/System/Library/Frameworks/ApplicationServices.framework/Versions/A/Frameworks/ColorSyncLegacy.framework/Versions/A/ColorSyncLegacy
0x0000000024c95000 	/System/Library/Frameworks/ApplicationServices.framework/Versions/A/Frameworks/HIServices.framework/Versions/A/HIServices
0x0000000024c95000 	/System/Library/Frameworks/ApplicationServices.framework/Versions/A/Frameworks/LangAnalysis.framework/Versions/A/LangAnalysis
0x0000000024c95000 	/System/Library/Frameworks/ApplicationServices.framework/Versions/A/Frameworks/PrintCore.framework/Versions/A/PrintCore
0x0000000024c95000 	/System/Library/Frameworks/ApplicationServices.framework/Versions/A/Frameworks/QD.framework/Versions/A/QD
0x0000000024c95000 	/System/Library/Frameworks/ApplicationServices.framework/Versions/A/Frameworks/SpeechSynthesis.framework/Versions/A/SpeechSynthesis
0x0000000024c95000 	/System/Library/Frameworks/CoreDisplay.framework/Versions/A/CoreDisplay
0x0000000024c95000 	/System/Library/Frameworks/Accelerate.framework/Versions/A/Frameworks/vImage.framework/Versions/A/vImage
0x0000000024c95000 	/System/Library/Frameworks/Accelerate.framework/Versions/A/Frameworks/vecLib.framework/Versions/A/vecLib
0x0000000024c95000 	/System/Library/Frameworks/Accelerate.framework/Versions/A/Frameworks/vecLib.framework/Versions/A/libvDSP.dylib
0x0000000024c95000 	/System/Library/Frameworks/Accelerate.framework/Versions/A/Frameworks/vecLib.framework/Versions/A/libBNNS.dylib
0x0000000024c95000 	/System/Library/Frameworks/Accelerate.framework/Versions/A/Frameworks/vecLib.framework/Versions/A/libQuadrature.dylib
0x0000000024c95000 	/System/Library/Frameworks/Accelerate.framework/Versions/A/Frameworks/vecLib.framework/Versions/A/libvMisc.dylib
0x0000000024c95000 	/System/Library/Frameworks/Accelerate.framework/Versions/A/Frameworks/vecLib.framework/Versions/A/libLAPACK.dylib
0x0000000024c95000 	/System/Library/Frameworks/Accelerate.framework/Versions/A/Frameworks/vecLib.framework/Versions/A/libBLAS.dylib
0x0000000024c95000 	/System/Library/Frameworks/Accelerate.framework/Versions/A/Frameworks/vecLib.framework/Versions/A/libLinearAlgebra.dylib
0x0000000024c95000 	/System/Library/Frameworks/Accelerate.framework/Versions/A/Frameworks/vecLib.framework/Versions/A/libSparse.dylib
0x0000000024c95000 	/System/Library/Frameworks/Accelerate.framework/Versions/A/Frameworks/vecLib.framework/Versions/A/libSparseBLAS.dylib
0x0000000024c95000 	/System/Library/PrivateFrameworks/IOAccelerator.framework/Versions/A/IOAccelerator
0x0000000024c95000 	/System/Library/PrivateFrameworks/IOPresentment.framework/Versions/A/IOPresentment
0x0000000024c95000 	/System/Library/PrivateFrameworks/DSExternalDisplay.framework/Versions/A/DSExternalDisplay
0x0000000024c95000 	/System/Library/Frameworks/OpenGL.framework/Versions/A/Libraries/libCoreFSCache.dylib
0x0000000024c95000 	/System/Library/Frameworks/CoreVideo.framework/Versions/A/CoreVideo
0x0000000024c95000 	/System/Library/PrivateFrameworks/GraphVisualizer.framework/Versions/A/GraphVisualizer
0x0000000024c95000 	/System/Library/Frameworks/MetalPerformanceShaders.framework/Versions/A/MetalPerformanceShaders
0x0000000024c95000 	/usr/lib/libFosl_dynamic.dylib
0x0000000024c95000 	/System/Library/PrivateFrameworks/FaceCore.framework/Versions/A/FaceCore
0x0000000024c95000 	/System/Library/Frameworks/OpenCL.framework/Versions/A/OpenCL
0x0000000024c95000 	/usr/lib/libcompression.dylib
0x0000000024c95000 	/System/Library/Frameworks/ApplicationServices.framework/Versions/A/Frameworks/ATS.framework/Versions/A/Resources/libFontParser.dylib
0x0000000024c95000 	/System/Library/Frameworks/ApplicationServices.framework/Versions/A/Frameworks/ATS.framework/Versions/A/Resources/libFontRegistry.dylib
0x0000000024c95000 	/System/Library/Frameworks/ImageIO.framework/Versions/A/Resources/libJPEG.dylib
0x0000000024c95000 	/System/Library/Frameworks/ImageIO.framework/Versions/A/Resources/libTIFF.dylib
0x0000000024c95000 	/System/Library/Frameworks/ImageIO.framework/Versions/A/Resources/libPng.dylib
0x0000000024c95000 	/System/Library/Frameworks/ImageIO.framework/Versions/A/Resources/libGIF.dylib
0x0000000024c95000 	/System/Library/Frameworks/ImageIO.framework/Versions/A/Resources/libJP2.dylib
0x0000000024c95000 	/System/Library/Frameworks/ImageIO.framework/Versions/A/Resources/libRadiance.dylib
0x0000000024c95000 	/System/Library/PrivateFrameworks/AppleJPEG.framework/Versions/A/AppleJPEG
0x0000000024c95000 	/System/Library/PrivateFrameworks/MetalTools.framework/Versions/A/MetalTools
0x0000000024c95000 	/System/Library/Frameworks/MetalPerformanceShaders.framework/Frameworks/MPSCore.framework/Versions/A/MPSCore
0x0000000024c95000 	/System/Library/Frameworks/MetalPerformanceShaders.framework/Frameworks/MPSImage.framework/Versions/A/MPSImage
0x0000000024c95000 	/System/Library/Frameworks/MetalPerformanceShaders.framework/Frameworks/MPSMatrix.framework/Versions/A/MPSMatrix
0x0000000024c95000 	/System/Library/Frameworks/MetalPerformanceShaders.framework/Frameworks/MPSNeuralNetwork.framework/Versions/A/MPSNeuralNetwork
0x0000000024c95000 	/System/Library/Frameworks/OpenGL.framework/Versions/A/Libraries/libGLU.dylib
0x0000000024c95000 	/System/Library/Frameworks/OpenGL.framework/Versions/A/Libraries/libGFXShared.dylib
0x0000000024c95000 	/System/Library/Frameworks/OpenGL.framework/Versions/A/Libraries/libGL.dylib
0x0000000024c95000 	/System/Library/Frameworks/OpenGL.framework/Versions/A/Libraries/libGLImage.dylib
0x0000000024c95000 	/System/Library/Frameworks/OpenGL.framework/Versions/A/Libraries/libCVMSPluginSupport.dylib
0x0000000024c95000 	/System/Library/Frameworks/OpenGL.framework/Versions/A/Libraries/libCoreVMClient.dylib
0x0000000024c95000 	/usr/lib/libcups.2.dylib
0x0000000024c95000 	/System/Library/Frameworks/Kerberos.framework/Versions/A/Kerberos
0x0000000024c95000 	/System/Library/Frameworks/GSS.framework/Versions/A/GSS
0x0000000024c95000 	/usr/lib/libresolv.9.dylib
0x0000000024c95000 	/usr/lib/libiconv.2.dylib
0x0000000024c95000 	/System/Library/PrivateFrameworks/Heimdal.framework/Versions/A/Heimdal
0x0000000024c95000 	/usr/lib/libheimdal-asn1.dylib
0x0000000024c95000 	/System/Library/Frameworks/OpenDirectory.framework/Versions/A/OpenDirectory
0x0000000024c95000 	/System/Library/PrivateFrameworks/CommonAuth.framework/Versions/A/CommonAuth
0x0000000024c95000 	/System/Library/Frameworks/OpenDirectory.framework/Versions/A/Frameworks/CFOpenDirectory.framework/Versions/A/CFOpenDirectory
0x0000000024c95000 	/System/Library/Frameworks/SecurityFoundation.framework/Versions/A/SecurityFoundation
0x0000000024c95000 	/System/Library/PrivateFrameworks/APFS.framework/Versions/A/APFS
0x0000000024c95000 	/usr/lib/libutil.dylib
0x0000000024c95000 	/System/Library/PrivateFrameworks/AppleSauce.framework/Versions/A/AppleSauce
0x0000000024c95000 	/System/Library/PrivateFrameworks/LinguisticData.framework/Versions/A/LinguisticData
0x0000000024c95000 	/usr/lib/libmarisa.dylib
0x0000000024c95000 	/System/Library/PrivateFrameworks/Lexicon.framework/Versions/A/Lexicon
0x0000000024c95000 	/usr/lib/libChineseTokenizer.dylib
0x0000000024c95000 	/usr/lib/libcmph.dylib
0x0000000024c95000 	/System/Library/PrivateFrameworks/LanguageModeling.framework/Versions/A/LanguageModeling
0x0000000024c95000 	/System/Library/PrivateFrameworks/CoreEmoji.framework/Versions/A/CoreEmoji
0x0000000024c95000 	/System/Library/Frameworks/ServiceManagement.framework/Versions/A/ServiceManagement
0x0000000024c95000 	/System/Library/PrivateFrameworks/BackgroundTaskManagement.framework/Versions/A/BackgroundTaskManagement
0x0000000024c95000 	/usr/lib/libxslt.1.dylib
0x0000000024c95000 	/System/Library/Frameworks/Carbon.framework/Versions/A/Frameworks/Ink.framework/Versions/A/Ink
0x0000000024c95000 	/System/Library/PrivateFrameworks/TextureIO.framework/Versions/A/TextureIO
0x0000000024c95000 	/usr/lib/libate.dylib
0x0000000024c95000 	/System/Library/PrivateFrameworks/CrashReporterSupport.framework/Versions/A/CrashReporterSupport
0x0000000024c95000 	/System/Library/PrivateFrameworks/Sharing.framework/Versions/A/Sharing
0x0000000024c95000 	/System/Library/PrivateFrameworks/IconServices.framework/Versions/A/IconServices
0x0000000024c95000 	/System/Library/PrivateFrameworks/ProtocolBuffer.framework/Versions/A/ProtocolBuffer
0x0000000024c95000 	/System/Library/PrivateFrameworks/Apple80211.framework/Versions/A/Apple80211
0x0000000024c95000 	/System/Library/Frameworks/CoreWLAN.framework/Versions/A/CoreWLAN
0x0000000024c95000 	/System/Library/PrivateFrameworks/CoreUtils.framework/Versions/A/CoreUtils
0x0000000024c95000 	/System/Library/Frameworks/IOBluetooth.framework/Versions/A/IOBluetooth
0x0000000024c95000 	/System/Library/PrivateFrameworks/CoreWiFi.framework/Versions/A/CoreWiFi
0x0000000024c95000 	/System/Library/Frameworks/CoreBluetooth.framework/Versions/A/CoreBluetooth
0x0000000024c95000 	/System/Library/PrivateFrameworks/SignpostNotification.framework/Versions/A/SignpostNotification
0x0000000024c95000 	/System/Library/PrivateFrameworks/DebugSymbols.framework/Versions/A/DebugSymbols
0x0000000024c95000 	/System/Library/PrivateFrameworks/CoreSymbolication.framework/Versions/A/CoreSymbolication
0x0000000024c95000 	/System/Library/PrivateFrameworks/Symbolication.framework/Versions/A/Symbolication
0x0000000024c95000 	/System/Library/PrivateFrameworks/AppleFSCompression.framework/Versions/A/AppleFSCompression
0x0000000024c95000 	/System/Library/PrivateFrameworks/SpeechRecognitionCore.framework/Versions/A/SpeechRecognitionCore
0x0000000107200000 	/Library/Java/JavaVirtualMachines/jdk1.8.0_131.jdk/Contents/Home/jre/lib/server/libjvm.dylib
0x0000000024c95000 	/usr/lib/libstdc++.6.0.9.dylib
0x000000010698e000 	/Library/Java/JavaVirtualMachines/jdk1.8.0_131.jdk/Contents/Home/jre/lib/libverify.dylib
0x000000010699c000 	/Library/Java/JavaVirtualMachines/jdk1.8.0_131.jdk/Contents/Home/jre/lib/libjava.dylib
0x00000001081a3000 	/Library/Java/JavaVirtualMachines/jdk1.8.0_131.jdk/Contents/Home/jre/lib/libjdwp.dylib
0x00000001069d2000 	/Library/Java/JavaVirtualMachines/jdk1.8.0_131.jdk/Contents/Home/jre/lib/libnpt.dylib
0x00000001069df000 	/Library/Java/JavaVirtualMachines/jdk1.8.0_131.jdk/Contents/Home/jre/lib/libzip.dylib
0x0000000024c95000 	/System/Library/Frameworks/JavaVM.framework/Versions/A/Frameworks/JavaRuntimeSupport.framework/Versions/A/JavaRuntimeSupport
0x0000000024c95000 	/System/Library/Frameworks/JavaVM.framework/Versions/A/Frameworks/JavaNativeFoundation.framework/Versions/A/JavaNativeFoundation
0x0000000024c95000 	/System/Library/Frameworks/JavaVM.framework/Versions/A/JavaVM
0x0000000024c95000 	/System/Library/Frameworks/Carbon.framework/Versions/A/Carbon
0x0000000024c95000 	/System/Library/PrivateFrameworks/JavaLaunching.framework/Versions/A/JavaLaunching
0x0000000024c95000 	/System/Library/Frameworks/Carbon.framework/Versions/A/Frameworks/CommonPanels.framework/Versions/A/CommonPanels
0x0000000024c95000 	/System/Library/Frameworks/Carbon.framework/Versions/A/Frameworks/Help.framework/Versions/A/Help
0x0000000024c95000 	/System/Library/Frameworks/Carbon.framework/Versions/A/Frameworks/ImageCapture.framework/Versions/A/ImageCapture
0x0000000024c95000 	/System/Library/Frameworks/Carbon.framework/Versions/A/Frameworks/OpenScripting.framework/Versions/A/OpenScripting
0x0000000024c95000 	/System/Library/Frameworks/Carbon.framework/Versions/A/Frameworks/Print.framework/Versions/A/Print
0x0000000024c95000 	/System/Library/Frameworks/Carbon.framework/Versions/A/Frameworks/SecurityHI.framework/Versions/A/SecurityHI
0x00000001069f1000 	/Library/Java/JavaVirtualMachines/jdk1.8.0_131.jdk/Contents/Home/jre/lib/libdt_socket.dylib
0x00000001109cd000 	/Library/Java/JavaVirtualMachines/jdk1.8.0_131.jdk/Contents/Home/jre/lib/libnet.dylib
0x0000000110d6b000 	/Library/Java/JavaVirtualMachines/jdk1.8.0_131.jdk/Contents/Home/jre/lib/libprism_es2.dylib
0x0000000024c95000 	/System/Library/PrivateFrameworks/CoreServicesInternal.framework/Versions/A/CoreServicesInternal
0x0000000024c95000 	/System/Library/Frameworks/OpenGL.framework/Versions/A/Resources/GLEngine.bundle/GLEngine
0x0000000024c95000 	/System/Library/Frameworks/OpenGL.framework/Versions/A/Libraries/libGLProgrammability.dylib
0x0000000111214000 	/System/Library/Extensions/AppleIntelKBLGraphicsGLDriver.bundle/Contents/MacOS/AppleIntelKBLGraphicsGLDriver
0x0000000024c95000 	/System/Library/PrivateFrameworks/GPUSupport.framework/Versions/A/Libraries/libGPUSupportMercury.dylib
0x0000000024c95000 	/System/Library/Frameworks/OpenGL.framework/Versions/A/Resources/GLRendererFloat.bundle/GLRendererFloat
0x0000000024c95000 	/System/Library/Frameworks/OpenCL.framework/Versions/A/Libraries/libcldcpuengine.dylib
0x0000000024c95000 	/usr/lib/libcrypto.35.dylib
0x0000000024c95000 	/System/Library/PrivateFrameworks/TrustEvaluationAgent.framework/Versions/A/TrustEvaluationAgent
0x000000011262c000 	/Library/Java/JavaVirtualMachines/jdk1.8.0_131.jdk/Contents/Home/jre/lib/libglass.dylib
0x0000000024c95000 	/System/Library/CoreServices/RawCamera.bundle/Contents/MacOS/RawCamera
0x0000000024c95000 	/System/Library/PrivateFrameworks/MobileAsset.framework/Versions/A/MobileAsset
0x0000000024c95000 	/System/Library/PrivateFrameworks/StreamingZip.framework/Versions/A/StreamingZip
0x0000000024c95000 	/System/Library/Frameworks/MediaToolbox.framework/Versions/A/MediaToolbox
0x0000000024c95000 	/System/Library/PrivateFrameworks/CoreAVCHD.framework/Versions/A/CoreAVCHD
0x0000000024c95000 	/System/Library/Frameworks/MediaAccessibility.framework/Versions/A/MediaAccessibility
0x0000000024c95000 	/System/Library/PrivateFrameworks/Mangrove.framework/Versions/A/Mangrove
0x0000000024c95000 	/System/Library/Frameworks/CoreMedia.framework/Versions/A/CoreMedia
0x0000000024c95000 	/System/Library/Frameworks/VideoToolbox.framework/Versions/A/VideoToolbox
0x0000000024c95000 	/System/Library/PrivateFrameworks/CoreAUC.framework/Versions/A/CoreAUC
0x0000000024c95000 	/usr/lib/libspindump.dylib
0x0000000024c95000 	/usr/lib/libdscsym.dylib
0x0000000024c95000 	/System/Library/PrivateFrameworks/AppleVA.framework/Versions/A/AppleVA
0x0000000024c95000 	/System/Library/Frameworks/Accelerate.framework/Versions/A/Frameworks/vImage.framework/Versions/A/Libraries/libCGInterfaces.dylib
0x0000000024c95000 	/System/Library/PrivateFrameworks/FamilyControls.framework/Versions/A/FamilyControls
0x0000000024c95000 	/System/Library/PrivateFrameworks/CommerceKit.framework/Versions/A/Frameworks/CommerceCore.framework/Versions/A/CommerceCore
0x0000000024c95000 	/System/Library/PrivateFrameworks/SystemAdministration.framework/Versions/A/SystemAdministration
0x0000000024c95000 	/System/Library/PrivateFrameworks/AppContainer.framework/Versions/A/AppContainer
0x0000000024c95000 	/System/Library/PrivateFrameworks/SecCodeWrapper.framework/Versions/A/SecCodeWrapper
0x0000000024c95000 	/System/Library/PrivateFrameworks/DiskManagement.framework/Versions/A/DiskManagement
0x0000000024c95000 	/System/Library/Frameworks/DirectoryService.framework/Versions/A/DirectoryService
0x0000000024c95000 	/System/Library/PrivateFrameworks/DiskImages.framework/Versions/A/DiskImages
0x0000000024c95000 	/System/Library/PrivateFrameworks/LoginUIKit.framework/Versions/A/Frameworks/LoginUICore.framework/Versions/A/LoginUICore
0x0000000024c95000 	/usr/lib/libCoreStorage.dylib
0x0000000024c95000 	/usr/lib/libcsfde.dylib
0x0000000024c95000 	/usr/lib/libodfde.dylib
0x0000000024c95000 	/System/Library/PrivateFrameworks/MediaKit.framework/Versions/A/MediaKit
0x0000000024c95000 	/System/Library/Frameworks/DiscRecording.framework/Versions/A/DiscRecording
0x0000000024c95000 	/System/Library/PrivateFrameworks/EFILogin.framework/Versions/A/EFILogin
0x0000000024c95000 	/System/Library/PrivateFrameworks/ProtectedCloudStorage.framework/Versions/A/ProtectedCloudStorage
0x0000000024c95000 	/usr/lib/libcurl.4.dylib
0x0000000024c95000 	/usr/lib/libssl.35.dylib
0x0000000024c95000 	/System/Library/Frameworks/LDAP.framework/Versions/A/LDAP
0x0000000024c95000 	/usr/lib/libsasl2.2.dylib
0x0000000024c95000 	/System/Library/PrivateFrameworks/CoreDaemon.framework/Versions/B/CoreDaemon
0x0000000024c95000 	/System/Library/PrivateFrameworks/AppleSRP.framework/Versions/A/AppleSRP
0x000000012442d000 	/Library/Java/JavaVirtualMachines/jdk1.8.0_131.jdk/Contents/Home/jre/lib/libjavafx_iio.dylib
0x00000001225f2000 	/Library/Java/JavaVirtualMachines/jdk1.8.0_131.jdk/Contents/Home/jre/lib/libjavafx_font.dylib
0x0000000024c95000 	/System/Library/Frameworks/ApplicationServices.framework/Versions/A/Frameworks/ATS.framework/Versions/A/Resources/libTrueTypeScaler.dylib
0x0000000024c95000 	/System/Library/Extensions/AppleIntelKBLGraphicsMTLDriver.bundle/Contents/MacOS/AppleIntelKBLGraphicsMTLDriver
0x0000000024c95000 	/System/Library/PrivateFrameworks/GPUCompiler.framework/Versions/3802/Libraries/libmetal_timestamp.dylib
0x0000000024c95000 	/System/Library/PrivateFrameworks/ViewBridge.framework/Versions/A/ViewBridge
0x0000000110c0a000 	/Library/Java/JavaVirtualMachines/jdk1.8.0_131.jdk/Contents/Home/jre/lib/libawt.dylib
0x000000012fd2a000 	/Library/Java/JavaVirtualMachines/jdk1.8.0_131.jdk/Contents/Home/jre/lib/./libmlib_image.dylib
0x000000012fdf6000 	/Library/Java/JavaVirtualMachines/jdk1.8.0_131.jdk/Contents/Home/jre/lib/libawt_lwawt.dylib
0x000000011097b000 	/Library/Java/JavaVirtualMachines/jdk1.8.0_131.jdk/Contents/Home/jre/lib/./libosxapp.dylib
0x0000000024c95000 	/System/Library/Frameworks/ExceptionHandling.framework/Versions/A/ExceptionHandling
0x00000001324c1000 	/Library/Java/JavaVirtualMachines/jdk1.8.0_131.jdk/Contents/Home/jre/lib/libfontmanager.dylib
0x0000000122d3e000 	/Library/Java/JavaVirtualMachines/jdk1.8.0_131.jdk/Contents/Home/jre/lib/libosxui.dylib
0x0000000125948000 	/Library/Java/JavaVirtualMachines/jdk1.8.0_131.jdk/Contents/Home/jre/lib/libnio.dylib
0x000000016b488000 	/Library/Java/JavaVirtualMachines/jdk1.8.0_131.jdk/Contents/Home/jre/lib/libjsound.dylib
0x0000000024c95000 	/System/Library/Frameworks/CoreMIDI.framework/Versions/A/CoreMIDI
0x0000000024c95000 	/usr/lib/libexpat.1.dylib
0x000000016b5ae000 	/System/Library/Extensions/AppleHDA.kext/Contents/PlugIns/AppleHDAHALPlugIn.bundle/Contents/MacOS/AppleHDAHALPlugIn
0x000000016e9a9000 	/System/Library/Components/CoreAudio.component/Contents/MacOS/CoreAudio

VM Arguments:
jvm_args: -ea -Xrunjdwp:transport=dt_socket,server=y,suspend=n,address=56758 -Xdebug -Xnoagent -Djava.compiler=NONE -Ddrjava.debug.port=56758 -Dedu.rice.cs.cunit.concJUnit.check.join.enabled=false -Dedu.rice.cs.cunit.concJUnit.check.lucky.enabled=false -Dedu.rice.cs.cunit.concJUnit.check.threads.enabled=false -Djava.rmi.server.hostname=127.0.0.1 
java_command: edu.rice.cs.plt.concurrent.ProcessTaskController$Runner
java_class_path (initial): /Users/berkealtiparmak/Desktop/DrJava.jar
Launcher Type: SUN_STANDARD

Environment Variables:
PATH=/usr/bin:/bin:/usr/sbin:/sbin
SHELL=/bin/bash

Signal Handlers:
SIGSEGV: [libjvm.dylib+0x5b1eb1], sa_mask[0]=11111111011111110111111111111111, sa_flags=SA_ONSTACK|SA_RESTART|SA_SIGINFO
SIGBUS: [libjvm.dylib+0x5b1eb1], sa_mask[0]=11111111011111110111111111111111, sa_flags=SA_RESTART|SA_SIGINFO
SIGFPE: [libjvm.dylib+0x488988], sa_mask[0]=11111111011111110111111111111111, sa_flags=SA_RESTART|SA_SIGINFO
SIGPIPE: [libjvm.dylib+0x488988], sa_mask[0]=11111111011111110111111111111111, sa_flags=SA_RESTART|SA_SIGINFO
SIGXFSZ: [libjvm.dylib+0x488988], sa_mask[0]=11111111011111110111111111111111, sa_flags=SA_RESTART|SA_SIGINFO
SIGILL: [libjvm.dylib+0x488988], sa_mask[0]=11111111011111110111111111111111, sa_flags=SA_RESTART|SA_SIGINFO
SIGUSR1: SIG_DFL, sa_mask[0]=00000000000000000000000000000000, sa_flags=none
SIGUSR2: [libjvm.dylib+0x4884a6], sa_mask[0]=00100000000000000000000000000000, sa_flags=SA_RESTART|SA_SIGINFO
SIGHUP: [libjvm.dylib+0x486a7d], sa_mask[0]=11111111011111110111111111111111, sa_flags=SA_RESTART|SA_SIGINFO
SIGINT: [libjvm.dylib+0x486a7d], sa_mask[0]=11111111011111110111111111111111, sa_flags=SA_RESTART|SA_SIGINFO
SIGTERM: [libjvm.dylib+0x486a7d], sa_mask[0]=11111111011111110111111111111111, sa_flags=SA_RESTART|SA_SIGINFO
SIGQUIT: [libjvm.dylib+0x486a7d], sa_mask[0]=11111111011111110111111111111111, sa_flags=SA_RESTART|SA_SIGINFO


---------------  S Y S T E M  ---------------

OS:Bsduname:Darwin 17.4.0 Darwin Kernel Version 17.4.0: Sun Dec 17 09:19:54 PST 2017; root:xnu-4570.41.2~1/RELEASE_X86_64 x86_64
rlimit: STACK 8192k, CORE 0k, NPROC 709, NOFILE 10240, AS infinity
load average:8.42 4.28 3.19

CPU:total 4 (initial active 4) (2 cores per cpu, 2 threads per core) family 6 model 142 stepping 9, cmov, cx8, fxsr, mmx, sse, sse2, sse3, ssse3, sse4.1, sse4.2, popcnt, avx, avx2, aes, clmul, erms, 3dnowpref, lzcnt, ht, tsc, tscinvbit, bmi1, bmi2, adx

Memory: 4k page, physical 8388608k(21956k free)

/proc/meminfo:


vm_info: Java HotSpot(TM) 64-Bit Server VM (25.131-b11) for bsd-amd64 JRE (1.8.0_131-b11), built on Mar 15 2017 01:32:22 by "java_re" with gcc 4.2.1 (Based on Apple Inc. build 5658) (LLVM build 2336.11.00)

time: Fri Mar 27 18:54:38 2020
elapsed time: 34 seconds (0d 0h 0m 34s)

