#
# A fatal error has been detected by the Java Runtime Environment:
#
#  SIGSEGV (0xb) at pc=0x00007fff502a1e48, pid=52385, tid=0x0000000000000307
#
# JRE version: Java(TM) SE Runtime Environment (8.0_131-b11) (build 1.8.0_131-b11)
# Java VM: Java HotSpot(TM) 64-Bit Server VM (25.131-b11 mixed mode bsd-amd64 compressed oops)
# Problematic frame:
# C  [JavaNativeFoundation+0x6e48]  -[JNFWeakJObjectWrapper _getWithEnv:]+0x20
#
# Failed to write core dump. Core dumps have been disabled. To enable core dumping, try "ulimit -c unlimited" before starting Java again
#
# If you would like to submit a bug report, please visit:
#   http://bugreport.java.com/bugreport/crash.jsp
#

---------------  T H R E A D  ---------------

Current thread is native thread

siginfo: si_signo: 11 (SIGSEGV), si_code: 1 (SEGV_MAPERR), si_addr: 0x00000000000000c0

Registers:
RAX=0x00007f86f12451f8, RBX=0x00007f86f59c7f50, RCX=0x0000000000000000, RDX=0x0000000000000000
RSP=0x00007ffee7375f80, RBP=0x00007ffee7375f90, RSI=0x00007f86f06ec7b0, RDI=0x00007f86f12451f8
R8 =0x0000000000000000, R9 =0x0000000000000000, R10=0x00007fffa70d9ed8, R11=0x00007f86f59256b0
R12=0x00007f86f12451f8, R13=0x00007f86f2d00e30, R14=0x0000000000000008, R15=0x00007f86f0564170
RIP=0x00007fff502a1e48, EFLAGS=0x0000000000010246, ERR=0x0000000000000004
  TRAPNO=0x000000000000000e

Top of Stack: (sp=0x00007ffee7375f80)
0x00007ffee7375f80:   00007f86f12451f8 00007f86f12a9400
0x00007ffee7375f90:   00007ffee7375fb0 00007fff502a1c5b
0x00007ffee7375fa0:   00007f86f59c7f00 00007f86f069bfc0
0x00007ffee7375fb0:   00007ffee7376010 000000012ff18f53
0x00007ffee7375fc0:   00007fff4a93a53e 0000000000000000
0x00007ffee7375fd0:   41192cfde93c0c0f 00007f86f12a9400
0x00007ffee7375fe0:   00007ffee7376010 00007fff73402e80
0x00007ffee7375ff0:   00007f86f0564170 00007f86f2d00e30
0x00007ffee7376000:   00007f86f05f5300 00007f86f12a9400
0x00007ffee7376010:   00007ffee73760c0 00007fff5784f96e
0x00007ffee7376020:   00007f86f0564170 0000000000000000
0x00007ffee7376030:   0000000000000000 00007f86f0564170
0x00007ffee7376040:   0000000000000000 0000000000000000
0x00007ffee7376050:   00007ffee73760a0 0000061400000004
0x00007ffee7376060:   0000000000000000 41192cfde93c0c0f
0x00007ffee7376070:   00007f86f5d598f0 0000000000000000
0x00007ffee7376080:   0000000000000000 00007ffee73760a0
0x00007ffee7376090:   00007f86f0564170 00007fff73402e80
0x00007ffee73760a0:   0000000000000004 0000000000000000
0x00007ffee73760b0:   00007f86f0564170 00007fff4a93a53e
0x00007ffee73760c0:   00007ffee7376130 00007fff5784efcf
0x00007ffee73760d0:   0000000000000000 0000000000000000
0x00007ffee73760e0:   4092c00000000000 4088500000000000
0x00007ffee73760f0:   4088500000000000 4092c00000000000
0x00007ffee7376100:   4000000000000000 00007ffee7376200
0x00007ffee7376110:   00007fff73402e80 0000000000000000
0x00007ffee7376120:   00007fff4a93c539 00007f86f2e010c0
0x00007ffee7376130:   00007ffee7377200 00007fff577f0d3b
0x00007ffee7376140:   00007ffee7377200 00007fff577f0c0b
0x00007ffee7376150:   00007ffee7376200 0000000000000000
0x00007ffee7376160:   0000000000000001 00007f86f222f200
0x00007ffee7376170:   00007ffee73761d0 0000020000000100 

Instructions: (pc=0x00007fff502a1e48)
0x00007fff502a1e28:   55 48 89 e5 41 56 53 48 89 d0 48 89 fb 48 8b 08
0x00007fff502a1e38:   4c 8b 35 21 7d e3 56 4a 8b 34 33 31 d2 48 89 c7
0x00007fff502a1e48:   ff 91 c0 00 00 00 3c 01 75 0c 4a c7 04 33 00 00
0x00007fff502a1e58:   00 00 31 c0 eb 04 4a 8b 04 33 5b 41 5e 5d c3 55 

Register to memory mapping:

RAX=0x00007f86f12451f8 is an unknown value
RBX=0x00007f86f59c7f50 is an unknown value
RCX=0x0000000000000000 is an unknown value
RDX=0x0000000000000000 is an unknown value
RSP=0x00007ffee7375f80 is an unknown value
RBP=0x00007ffee7375f90 is an unknown value
RSI=0x00007f86f06ec7b0 is a weak global jni handle
RDI=0x00007f86f12451f8 is an unknown value
R8 =0x0000000000000000 is an unknown value
R9 =0x0000000000000000 is an unknown value
R10=0x00007fffa70d9ed8: OBJC_CLASS_$_JNFWeakJObjectWrapper+0 in /System/Library/Frameworks/JavaVM.framework/Versions/A/Frameworks/JavaNativeFoundation.framework/Versions/A/JavaNativeFoundation at 0x00007fff5029b000
R11=0x00007f86f59256b0 is an unknown value
R12=0x00007f86f12451f8 is an unknown value
R13=0x00007f86f2d00e30 is an unknown value
R14=0x0000000000000008 is an unknown value
R15=0x00007f86f0564170 is an unknown value


Stack: [0x00007ffee6b7a000,0x00007ffee737a000],  sp=0x00007ffee7375f80,  free space=8175k
Native frames: (J=compiled Java code, j=interpreted, Vv=VM code, C=native code)
C  [JavaNativeFoundation+0x6e48]  -[JNFWeakJObjectWrapper _getWithEnv:]+0x20
C  [JavaNativeFoundation+0x6c5b]  -[JNFJObjectWrapper jObjectWithEnv:]+0x16
C  [libawt_lwawt.dylib+0x1af53]  -[CGLLayer drawInCGLContext:pixelFormat:forLayerTime:displayTime:]+0xa4
C  [QuartzCore+0x7096e]  _ZL17CAOpenGLLayerDrawP13CAOpenGLLayerdPK11CVTimeStampj+0x7a7
C  [QuartzCore+0x6ffcf]  -[CAOpenGLLayer _display]+0x235
C  [QuartzCore+0x11d3b]  _ZN2CA5Layer17display_if_neededEPNS_11TransactionE+0x279
C  [QuartzCore+0x117f9]  _ZN2CA5Layer28layout_and_display_if_neededEPNS_11TransactionE+0x23
C  [QuartzCore+0x10894]  _ZN2CA7Context18commit_transactionEPNS_11TransactionE+0x146
C  [QuartzCore+0x1043d]  _ZN2CA11Transaction6commitEv+0x1e7
C  [QuartzCore+0x1bf32]  _ZN2CA11Transaction17observer_callbackEP19__CFRunLoopObservermPv+0x42
C  [CoreFoundation+0xa3127]  __CFRUNLOOP_IS_CALLING_OUT_TO_AN_OBSERVER_CALLBACK_FUNCTION__+0x17
C  [CoreFoundation+0xa304f]  __CFRunLoopDoObservers+0x20f
C  [CoreFoundation+0x85810]  __CFRunLoopRun+0x640
C  [CoreFoundation+0x84f43]  CFRunLoopRunSpecific+0x1e3
C  [java+0x6465]  CreateExecutionEnvironment+0x367
C  [java+0x218c]  JLI_Launch+0x7a0
C  [java+0x84c2]  main+0x65
C  [java+0x19e4]  start+0x34


---------------  P R O C E S S  ---------------

VM state:not at safepoint (normal execution)

VM Mutex/Monitor currently owned by a thread: None

Heap:
 PSYoungGen      total 227840K, used 47988K [0x0000000795580000, 0x00000007a5280000, 0x00000007c0000000)
  eden space 227328K, 20% used [0x0000000795580000,0x0000000798415588,0x00000007a3380000)
  from space 512K, 55% used [0x00000007a5200000,0x00000007a5247a80,0x00000007a5280000)
  to   space 4096K, 0% used [0x00000007a4a80000,0x00000007a4a80000,0x00000007a4e80000)
 ParOldGen       total 141312K, used 72421K [0x0000000740000000, 0x0000000748a00000, 0x0000000795580000)
  object space 141312K, 51% used [0x0000000740000000,0x00000007446b9768,0x0000000748a00000)
 Metaspace       used 23319K, capacity 24010K, committed 24064K, reserved 1071104K
  class space    used 3086K, capacity 3276K, committed 3328K, reserved 1048576K

Card table byte_map: [0x000000010a563000,0x000000010a964000] byte_map_base: 0x0000000106b63000

Marking Bits: (ParMarkBitMap*) 0x0000000109af1ea0
 Begin Bits: [0x000000010ac0f000, 0x000000010cc0f000)
 End Bits:   [0x000000010cc0f000, 0x000000010ec0f000)

Polling page: 0x0000000108902000

CodeCache: size=245760Kb used=6264Kb max_used=6357Kb free=239495Kb
 bounds [0x0000000111f94000, 0x0000000112604000, 0x0000000120f94000]
 total_blobs=2630 nmethods=1872 adapters=679
 compilation: enabled

Compilation events (10 events):
Event: 15.467 Thread 0x00007f86f183a000 2025       1       java.awt.Component::getWidth (5 bytes)
Event: 15.467 Thread 0x00007f86f183a000 nmethod 2025 0x0000000112322b90 code [0x0000000112322ce0, 0x0000000112322df0]
Event: 15.467 Thread 0x00007f86f183a000 2026       1       java.awt.Component::getHeight (5 bytes)
Event: 15.467 Thread 0x00007f86f183a000 nmethod 2026 0x00000001121b0c50 code [0x00000001121b0da0, 0x00000001121b0eb0]
Event: 15.479 Thread 0x00007f86f183a000 2027       3       java.awt.Rectangle::<init> (26 bytes)
Event: 15.479 Thread 0x00007f86f183a000 nmethod 2027 0x00000001122ad790 code [0x00000001122ad900, 0x00000001122adb70]
Event: 15.517 Thread 0x00007f86f183a000 2028       1       java.awt.Component::getX (5 bytes)
Event: 15.518 Thread 0x00007f86f183a000 nmethod 2028 0x00000001121ab890 code [0x00000001121ab9e0, 0x00000001121abaf0]
Event: 15.518 Thread 0x00007f86f183a000 2029       1       java.awt.Component::getY (5 bytes)
Event: 15.518 Thread 0x00007f86f183a000 nmethod 2029 0x00000001121ab5d0 code [0x00000001121ab720, 0x00000001121ab830]

GC Heap History (10 events):
Event: 13.101 GC heap before
{Heap before GC invocations=7 (full 2):
 PSYoungGen      total 71680K, used 63908K [0x0000000795580000, 0x000000079a080000, 0x00000007c0000000)
  eden space 66560K, 96% used [0x0000000795580000,0x00000007993e9080,0x0000000799680000)
  from space 5120K, 0% used [0x0000000799b80000,0x0000000799b80000,0x000000079a080000)
  to   space 5120K, 0% used [0x0000000799680000,0x0000000799680000,0x0000000799b80000)
 ParOldGen       total 73216K, used 9856K [0x0000000740000000, 0x0000000744780000, 0x0000000795580000)
  object space 73216K, 13% used [0x0000000740000000,0x00000007409a00b0,0x0000000744780000)
 Metaspace       used 22700K, capacity 23358K, committed 23552K, reserved 1069056K
  class space    used 3011K, capacity 3210K, committed 3328K, reserved 1048576K
Event: 13.108 GC heap after
Heap after GC invocations=7 (full 2):
 PSYoungGen      total 71680K, used 2835K [0x0000000795580000, 0x000000079de80000, 0x00000007c0000000)
  eden space 66560K, 0% used [0x0000000795580000,0x0000000795580000,0x0000000799680000)
  from space 5120K, 55% used [0x0000000799680000,0x0000000799944eb0,0x0000000799b80000)
  to   space 5120K, 0% used [0x000000079d980000,0x000000079d980000,0x000000079de80000)
 ParOldGen       total 73216K, used 30048K [0x0000000740000000, 0x0000000744780000, 0x0000000795580000)
  object space 73216K, 41% used [0x0000000740000000,0x0000000741d58028,0x0000000744780000)
 Metaspace       used 22700K, capacity 23358K, committed 23552K, reserved 1069056K
  class space    used 3011K, capacity 3210K, committed 3328K, reserved 1048576K
}
Event: 13.320 GC heap before
{Heap before GC invocations=8 (full 2):
 PSYoungGen      total 71680K, used 69395K [0x0000000795580000, 0x000000079de80000, 0x00000007c0000000)
  eden space 66560K, 100% used [0x0000000795580000,0x0000000799680000,0x0000000799680000)
  from space 5120K, 55% used [0x0000000799680000,0x0000000799944eb0,0x0000000799b80000)
  to   space 5120K, 0% used [0x000000079d980000,0x000000079d980000,0x000000079de80000)
 ParOldGen       total 73216K, used 30048K [0x0000000740000000, 0x0000000744780000, 0x0000000795580000)
  object space 73216K, 41% used [0x0000000740000000,0x0000000741d58028,0x0000000744780000)
 Metaspace       used 22702K, capacity 23358K, committed 23552K, reserved 1069056K
  class space    used 3011K, capacity 3210K, committed 3328K, reserved 1048576K
Event: 13.323 GC heap after
Heap after GC invocations=8 (full 2):
 PSYoungGen      total 132096K, used 496K [0x0000000795580000, 0x000000079dc00000, 0x00000007c0000000)
  eden space 129536K, 0% used [0x0000000795580000,0x0000000795580000,0x000000079d400000)
  from space 2560K, 19% used [0x000000079d980000,0x000000079d9fc240,0x000000079dc00000)
  to   space 4096K, 0% used [0x000000079d400000,0x000000079d400000,0x000000079d800000)
 ParOldGen       total 73216K, used 39935K [0x0000000740000000, 0x0000000744780000, 0x0000000795580000)
  object space 73216K, 54% used [0x0000000740000000,0x00000007426fff18,0x0000000744780000)
 Metaspace       used 22702K, capacity 23358K, committed 23552K, reserved 1069056K
  class space    used 3011K, capacity 3210K, committed 3328K, reserved 1048576K
}
Event: 13.708 GC heap before
{Heap before GC invocations=9 (full 2):
 PSYoungGen      total 132096K, used 130032K [0x0000000795580000, 0x000000079dc00000, 0x00000007c0000000)
  eden space 129536K, 100% used [0x0000000795580000,0x000000079d400000,0x000000079d400000)
  from space 2560K, 19% used [0x000000079d980000,0x000000079d9fc240,0x000000079dc00000)
  to   space 4096K, 0% used [0x000000079d400000,0x000000079d400000,0x000000079d800000)
 ParOldGen       total 73216K, used 39935K [0x0000000740000000, 0x0000000744780000, 0x0000000795580000)
  object space 73216K, 54% used [0x0000000740000000,0x00000007426fff18,0x0000000744780000)
 Metaspace       used 22715K, capacity 23428K, committed 23552K, reserved 1069056K
  class space    used 3012K, capacity 3211K, committed 3328K, reserved 1048576K
Event: 13.745 GC heap after
Heap after GC invocations=9 (full 2):
 PSYoungGen      total 133632K, used 574K [0x0000000795580000, 0x00000007a5600000, 0x00000007c0000000)
  eden space 129536K, 0% used [0x0000000795580000,0x0000000795580000,0x000000079d400000)
  from space 4096K, 14% used [0x000000079d400000,0x000000079d48f920,0x000000079d800000)
  to   space 4096K, 0% used [0x00000007a5200000,0x00000007a5200000,0x00000007a5600000)
 ParOldGen       total 96256K, used 90694K [0x0000000740000000, 0x0000000745e00000, 0x0000000795580000)
  object space 96256K, 94% used [0x0000000740000000,0x0000000745891850,0x0000000745e00000)
 Metaspace       used 22715K, capacity 23428K, committed 23552K, reserved 1069056K
  class space    used 3012K, capacity 3211K, committed 3328K, reserved 1048576K
}
Event: 13.745 GC heap before
{Heap before GC invocations=10 (full 3):
 PSYoungGen      total 133632K, used 574K [0x0000000795580000, 0x00000007a5600000, 0x00000007c0000000)
  eden space 129536K, 0% used [0x0000000795580000,0x0000000795580000,0x000000079d400000)
  from space 4096K, 14% used [0x000000079d400000,0x000000079d48f920,0x000000079d800000)
  to   space 4096K, 0% used [0x00000007a5200000,0x00000007a5200000,0x00000007a5600000)
 ParOldGen       total 96256K, used 90694K [0x0000000740000000, 0x0000000745e00000, 0x0000000795580000)
  object space 96256K, 94% used [0x0000000740000000,0x0000000745891850,0x0000000745e00000)
 Metaspace       used 22715K, capacity 23428K, committed 23552K, reserved 1069056K
  class space    used 3012K, capacity 3211K, committed 3328K, reserved 1048576K
Event: 13.786 GC heap after
Heap after GC invocations=10 (full 3):
 PSYoungGen      total 133632K, used 0K [0x0000000795580000, 0x00000007a5600000, 0x00000007c0000000)
  eden space 129536K, 0% used [0x0000000795580000,0x0000000795580000,0x000000079d400000)
  from space 4096K, 0% used [0x000000079d400000,0x000000079d400000,0x000000079d800000)
  to   space 4096K, 0% used [0x00000007a5200000,0x00000007a5200000,0x00000007a5600000)
 ParOldGen       total 141312K, used 52672K [0x0000000740000000, 0x0000000748a00000, 0x0000000795580000)
  object space 141312K, 37% used [0x0000000740000000,0x0000000743370300,0x0000000748a00000)
 Metaspace       used 22715K, capacity 23428K, committed 23552K, reserved 1069056K
  class space    used 3012K, capacity 3211K, committed 3328K, reserved 1048576K
}
Event: 14.123 GC heap before
{Heap before GC invocations=11 (full 3):
 PSYoungGen      total 133632K, used 129536K [0x0000000795580000, 0x00000007a5600000, 0x00000007c0000000)
  eden space 129536K, 100% used [0x0000000795580000,0x000000079d400000,0x000000079d400000)
  from space 4096K, 0% used [0x000000079d400000,0x000000079d400000,0x000000079d800000)
  to   space 4096K, 0% used [0x00000007a5200000,0x00000007a5200000,0x00000007a5600000)
 ParOldGen       total 141312K, used 52672K [0x0000000740000000, 0x0000000748a00000, 0x0000000795580000)
  object space 141312K, 37% used [0x0000000740000000,0x0000000743370300,0x0000000748a00000)
 Metaspace       used 22723K, capacity 23428K, committed 23552K, reserved 1069056K
  class space    used 3012K, capacity 3211K, committed 3328K, reserved 1048576K
Event: 14.126 GC heap after
Heap after GC invocations=11 (full 3):
 PSYoungGen      total 227840K, used 286K [0x0000000795580000, 0x00000007a5280000, 0x00000007c0000000)
  eden space 227328K, 0% used [0x0000000795580000,0x0000000795580000,0x00000007a3380000)
  from space 512K, 55% used [0x00000007a5200000,0x00000007a5247a80,0x00000007a5280000)
  to   space 4096K, 0% used [0x00000007a4a80000,0x00000007a4a80000,0x00000007a4e80000)
 ParOldGen       total 141312K, used 72421K [0x0000000740000000, 0x0000000748a00000, 0x0000000795580000)
  object space 141312K, 51% used [0x0000000740000000,0x00000007446b9768,0x0000000748a00000)
 Metaspace       used 22723K, capacity 23428K, committed 23552K, reserved 1069056K
  class space    used 3012K, capacity 3211K, committed 3328K, reserved 1048576K
}

Deoptimization events (10 events):
Event: 3.397 Thread 0x00007f86f1245000 Uncommon trap: reason=class_check action=maybe_recompile pc=0x00000001122b4838 method=java.io.FilterInputStream.read([B)I @ 5
Event: 3.397 Thread 0x00007f86f1245000 Uncommon trap: reason=class_check action=maybe_recompile pc=0x00000001122b4838 method=java.io.FilterInputStream.read([B)I @ 5
Event: 3.397 Thread 0x00007f86f1245000 Uncommon trap: reason=class_check action=maybe_recompile pc=0x00000001122b4838 method=java.io.FilterInputStream.read([B)I @ 5
Event: 8.624 Thread 0x00007f86f1245000 Uncommon trap: reason=unstable_if action=reinterpret pc=0x00000001124458b4 method=com.sun.javafx.geom.RectBounds.deriveWithNewBounds(Lcom/sun/javafx/geom/BaseBounds;)Lcom/sun/javafx/geom/BaseBounds; @ 4
Event: 11.669 Thread 0x00007f86f1245000 Uncommon trap: reason=unstable_if action=reinterpret pc=0x00000001121e2488 method=java.lang.AbstractStringBuilder.append(Ljava/lang/String;)Ljava/lang/AbstractStringBuilder; @ 1
Event: 11.669 Thread 0x00007f86f1245000 Uncommon trap: reason=unstable_if action=reinterpret pc=0x00000001121d678c method=java.lang.AbstractStringBuilder.append(Ljava/lang/String;)Ljava/lang/AbstractStringBuilder; @ 1
Event: 11.673 Thread 0x00007f86f1245000 Uncommon trap: reason=unstable_if action=reinterpret pc=0x00000001121c72ac method=java.util.HashMap.hash(Ljava/lang/Object;)I @ 1
Event: 11.745 Thread 0x00007f86f1245000 Uncommon trap: reason=unstable_if action=reinterpret pc=0x00000001124dec0c method=java.awt.image.ComponentSampleModel.getPixel(II[ILjava/awt/image/DataBuffer;)[I @ 35
Event: 13.142 Thread 0x00007f86f122d800 Uncommon trap: reason=unstable_if action=reinterpret pc=0x0000000112587bb4 method=java.awt.image.AreaAveragingScaleFilter.accumPixels(IIIILjava/awt/image/ColorModel;Ljava/lang/Object;II)V @ 4
Event: 13.360 Thread 0x00007f86f122d800 Uncommon trap: reason=unstable_if action=reinterpret pc=0x000000011259c95c method=sun.awt.image.OffScreenImageSource.sendPixels()V @ 663

Internal exceptions (10 events):
Event: 8.554 Thread 0x00007f86f1245000 Exception <a 'java/io/FileNotFoundException'> (0x0000000796cd2fc8) thrown at [/Users/java_re/workspace/8-2-build-macosx-x86_64/jdk8u131/8869/hotspot/src/share/vm/prims/jni.cpp, line 709]
Event: 11.579 Thread 0x00007f86f1245000 Exception <a 'java/io/FileNotFoundException'> (0x00000007973fd710) thrown at [/Users/java_re/workspace/8-2-build-macosx-x86_64/jdk8u131/8869/hotspot/src/share/vm/prims/jni.cpp, line 709]
Event: 11.579 Thread 0x00007f86f1245000 Exception <a 'java/io/FileNotFoundException'> (0x00000007973fe290) thrown at [/Users/java_re/workspace/8-2-build-macosx-x86_64/jdk8u131/8869/hotspot/src/share/vm/prims/jni.cpp, line 709]
Event: 11.669 Thread 0x00007f86f1245000 Implicit null exception at 0x00000001121e1ef6 to 0x00000001121e246d
Event: 11.669 Thread 0x00007f86f1245000 Implicit null exception at 0x00000001121d6236 to 0x00000001121d6775
Event: 11.673 Thread 0x00007f86f1245000 Implicit null exception at 0x00000001121c6ff4 to 0x00000001121c7295
Event: 11.745 Thread 0x00007f86f1245000 Implicit null exception at 0x00000001124de307 to 0x00000001124debe9
Event: 12.055 Thread 0x00007f86f19e6000 Exception <a 'java/lang/NoSuchMethodError': <clinit>> (0x00000007961e58c0) thrown at [/Users/java_re/workspace/8-2-build-macosx-x86_64/jdk8u131/8869/hotspot/src/share/vm/prims/jni.cpp, line 1613]
Event: 12.055 Thread 0x00007f86f19e6000 Exception <a 'java/lang/NoSuchMethodError': <clinit>> (0x00000007961e72b0) thrown at [/Users/java_re/workspace/8-2-build-macosx-x86_64/jdk8u131/8869/hotspot/src/share/vm/prims/jni.cpp, line 1613]
Event: 13.109 Thread 0x00007f86f2018000 Exception <a 'java/lang/NullPointerException'> (0x0000000795b4c080) thrown at [/Users/java_re/workspace/8-2-build-macosx-x86_64/jdk8u131/8869/hotspot/src/share/vm/interpreter/linkResolver.cpp, line 1197]

Events (10 events):
Event: 15.491 Executing VM operation: RevokeBias
Event: 15.491 Executing VM operation: RevokeBias done
Event: 15.491 Executing VM operation: RevokeBias
Event: 15.491 Executing VM operation: RevokeBias done
Event: 15.512 loading class java/awt/print/PrinterGraphics
Event: 15.512 loading class java/awt/print/PrinterGraphics done
Event: 15.512 loading class java/awt/PrintGraphics
Event: 15.512 loading class java/awt/PrintGraphics done
Event: 15.512 loading class sun/java2d/loops/FontInfo
Event: 15.513 loading class sun/java2d/loops/FontInfo done


Dynamic libraries:
0x0000000024c95000 	/System/Library/Frameworks/Cocoa.framework/Versions/A/Cocoa
0x0000000024c95000 	/System/Library/Frameworks/Security.framework/Versions/A/Security
0x0000000024c95000 	/System/Library/Frameworks/ApplicationServices.framework/Versions/A/ApplicationServices
0x0000000024c95000 	/usr/lib/libz.1.dylib
0x0000000024c95000 	/usr/lib/libSystem.B.dylib
0x0000000024c95000 	/usr/lib/libobjc.A.dylib
0x0000000024c95000 	/System/Library/Frameworks/CoreFoundation.framework/Versions/A/CoreFoundation
0x0000000024c95000 	/System/Library/Frameworks/Foundation.framework/Versions/C/Foundation
0x0000000024c95000 	/System/Library/Frameworks/AppKit.framework/Versions/C/AppKit
0x0000000024c95000 	/System/Library/Frameworks/CoreData.framework/Versions/A/CoreData
0x0000000024c95000 	/System/Library/PrivateFrameworks/RemoteViewServices.framework/Versions/A/RemoteViewServices
0x0000000024c95000 	/System/Library/PrivateFrameworks/UIFoundation.framework/Versions/A/UIFoundation
0x0000000024c95000 	/System/Library/PrivateFrameworks/DFRFoundation.framework/Versions/A/DFRFoundation
0x0000000024c95000 	/System/Library/Frameworks/Metal.framework/Versions/A/Metal
0x0000000024c95000 	/System/Library/PrivateFrameworks/DesktopServicesPriv.framework/Versions/A/DesktopServicesPriv
0x0000000024c95000 	/usr/lib/libenergytrace.dylib
0x0000000024c95000 	/System/Library/PrivateFrameworks/SkyLight.framework/Versions/A/SkyLight
0x0000000024c95000 	/System/Library/Frameworks/CoreGraphics.framework/Versions/A/CoreGraphics
0x0000000024c95000 	/usr/lib/libScreenReader.dylib
0x0000000024c95000 	/System/Library/Frameworks/Accelerate.framework/Versions/A/Accelerate
0x0000000024c95000 	/System/Library/Frameworks/IOSurface.framework/Versions/A/IOSurface
0x0000000024c95000 	/System/Library/Frameworks/AudioToolbox.framework/Versions/A/AudioToolbox
0x0000000024c95000 	/System/Library/Frameworks/AudioUnit.framework/Versions/A/AudioUnit
0x0000000024c95000 	/System/Library/PrivateFrameworks/DataDetectorsCore.framework/Versions/A/DataDetectorsCore
0x0000000024c95000 	/System/Library/Frameworks/Carbon.framework/Versions/A/Frameworks/HIToolbox.framework/Versions/A/HIToolbox
0x0000000024c95000 	/usr/lib/libicucore.A.dylib
0x0000000024c95000 	/System/Library/Frameworks/QuartzCore.framework/Versions/A/QuartzCore
0x0000000024c95000 	/System/Library/Frameworks/Carbon.framework/Versions/A/Frameworks/SpeechRecognition.framework/Versions/A/SpeechRecognition
0x0000000024c95000 	/usr/lib/libauto.dylib
0x0000000024c95000 	/usr/lib/libxml2.2.dylib
0x0000000024c95000 	/System/Library/PrivateFrameworks/CoreUI.framework/Versions/A/CoreUI
0x0000000024c95000 	/System/Library/Frameworks/CoreAudio.framework/Versions/A/CoreAudio
0x0000000024c95000 	/System/Library/Frameworks/DiskArbitration.framework/Versions/A/DiskArbitration
0x0000000024c95000 	/usr/lib/liblangid.dylib
0x0000000024c95000 	/System/Library/PrivateFrameworks/MultitouchSupport.framework/Versions/A/MultitouchSupport
0x0000000024c95000 	/System/Library/Frameworks/IOKit.framework/Versions/A/IOKit
0x0000000024c95000 	/usr/lib/libDiagnosticMessagesClient.dylib
0x0000000024c95000 	/System/Library/Frameworks/CoreServices.framework/Versions/A/CoreServices
0x0000000024c95000 	/System/Library/PrivateFrameworks/PerformanceAnalysis.framework/Versions/A/PerformanceAnalysis
0x0000000024c95000 	/System/Library/Frameworks/OpenGL.framework/Versions/A/OpenGL
0x0000000024c95000 	/System/Library/Frameworks/ColorSync.framework/Versions/A/ColorSync
0x0000000024c95000 	/System/Library/Frameworks/CoreImage.framework/Versions/A/CoreImage
0x0000000024c95000 	/System/Library/Frameworks/CoreText.framework/Versions/A/CoreText
0x0000000024c95000 	/System/Library/Frameworks/ImageIO.framework/Versions/A/ImageIO
0x0000000024c95000 	/System/Library/PrivateFrameworks/Backup.framework/Versions/A/Backup
0x0000000024c95000 	/usr/lib/libarchive.2.dylib
0x0000000024c95000 	/System/Library/Frameworks/CFNetwork.framework/Versions/A/CFNetwork
0x0000000024c95000 	/System/Library/Frameworks/SystemConfiguration.framework/Versions/A/SystemConfiguration
0x0000000024c95000 	/usr/lib/libCRFSuite.dylib
0x0000000024c95000 	/usr/lib/libc++.1.dylib
0x0000000024c95000 	/usr/lib/libc++abi.dylib
0x0000000024c95000 	/usr/lib/system/libcache.dylib
0x0000000024c95000 	/usr/lib/system/libcommonCrypto.dylib
0x0000000024c95000 	/usr/lib/system/libcompiler_rt.dylib
0x0000000024c95000 	/usr/lib/system/libcopyfile.dylib
0x0000000024c95000 	/usr/lib/system/libcorecrypto.dylib
0x0000000024c95000 	/usr/lib/system/libdispatch.dylib
0x0000000024c95000 	/usr/lib/system/libdyld.dylib
0x0000000024c95000 	/usr/lib/system/libkeymgr.dylib
0x0000000024c95000 	/usr/lib/system/liblaunch.dylib
0x0000000024c95000 	/usr/lib/system/libmacho.dylib
0x0000000024c95000 	/usr/lib/system/libquarantine.dylib
0x0000000024c95000 	/usr/lib/system/libremovefile.dylib
0x0000000024c95000 	/usr/lib/system/libsystem_asl.dylib
0x0000000024c95000 	/usr/lib/system/libsystem_blocks.dylib
0x0000000024c95000 	/usr/lib/system/libsystem_c.dylib
0x0000000024c95000 	/usr/lib/system/libsystem_configuration.dylib
0x0000000024c95000 	/usr/lib/system/libsystem_coreservices.dylib
0x0000000024c95000 	/usr/lib/system/libsystem_darwin.dylib
0x0000000024c95000 	/usr/lib/system/libsystem_dnssd.dylib
0x0000000024c95000 	/usr/lib/system/libsystem_info.dylib
0x0000000024c95000 	/usr/lib/system/libsystem_m.dylib
0x0000000024c95000 	/usr/lib/system/libsystem_malloc.dylib
0x0000000024c95000 	/usr/lib/system/libsystem_network.dylib
0x0000000024c95000 	/usr/lib/system/libsystem_networkextension.dylib
0x0000000024c95000 	/usr/lib/system/libsystem_notify.dylib
0x0000000024c95000 	/usr/lib/system/libsystem_sandbox.dylib
0x0000000024c95000 	/usr/lib/system/libsystem_secinit.dylib
0x0000000024c95000 	/usr/lib/system/libsystem_kernel.dylib
0x0000000024c95000 	/usr/lib/system/libsystem_platform.dylib
0x0000000024c95000 	/usr/lib/system/libsystem_pthread.dylib
0x0000000024c95000 	/usr/lib/system/libsystem_symptoms.dylib
0x0000000024c95000 	/usr/lib/system/libsystem_trace.dylib
0x0000000024c95000 	/usr/lib/system/libunwind.dylib
0x0000000024c95000 	/usr/lib/system/libxpc.dylib
0x0000000024c95000 	/usr/lib/closure/libclosured.dylib
0x0000000024c95000 	/usr/lib/libbsm.0.dylib
0x0000000024c95000 	/usr/lib/system/libkxld.dylib
0x0000000024c95000 	/usr/lib/libOpenScriptingUtil.dylib
0x0000000024c95000 	/usr/lib/libcoretls.dylib
0x0000000024c95000 	/usr/lib/libcoretls_cfhelpers.dylib
0x0000000024c95000 	/usr/lib/libpam.2.dylib
0x0000000024c95000 	/usr/lib/libsqlite3.dylib
0x0000000024c95000 	/usr/lib/libxar.1.dylib
0x0000000024c95000 	/usr/lib/libbz2.1.0.dylib
0x0000000024c95000 	/usr/lib/liblzma.5.dylib
0x0000000024c95000 	/usr/lib/libnetwork.dylib
0x0000000024c95000 	/usr/lib/libapple_nghttp2.dylib
0x0000000024c95000 	/usr/lib/libpcap.A.dylib
0x0000000024c95000 	/usr/lib/libboringssl.dylib
0x0000000024c95000 	/usr/lib/libusrtcp.dylib
0x0000000024c95000 	/usr/lib/libapple_crypto.dylib
0x0000000024c95000 	/System/Library/Frameworks/CoreServices.framework/Versions/A/Frameworks/FSEvents.framework/Versions/A/FSEvents
0x0000000024c95000 	/System/Library/Frameworks/CoreServices.framework/Versions/A/Frameworks/CarbonCore.framework/Versions/A/CarbonCore
0x0000000024c95000 	/System/Library/Frameworks/CoreServices.framework/Versions/A/Frameworks/Metadata.framework/Versions/A/Metadata
0x0000000024c95000 	/System/Library/Frameworks/CoreServices.framework/Versions/A/Frameworks/OSServices.framework/Versions/A/OSServices
0x0000000024c95000 	/System/Library/Frameworks/CoreServices.framework/Versions/A/Frameworks/SearchKit.framework/Versions/A/SearchKit
0x0000000024c95000 	/System/Library/Frameworks/CoreServices.framework/Versions/A/Frameworks/AE.framework/Versions/A/AE
0x0000000024c95000 	/System/Library/Frameworks/CoreServices.framework/Versions/A/Frameworks/LaunchServices.framework/Versions/A/LaunchServices
0x0000000024c95000 	/System/Library/Frameworks/CoreServices.framework/Versions/A/Frameworks/DictionaryServices.framework/Versions/A/DictionaryServices
0x0000000024c95000 	/System/Library/Frameworks/CoreServices.framework/Versions/A/Frameworks/SharedFileList.framework/Versions/A/SharedFileList
0x0000000024c95000 	/System/Library/Frameworks/NetFS.framework/Versions/A/NetFS
0x0000000024c95000 	/System/Library/PrivateFrameworks/NetAuth.framework/Versions/A/NetAuth
0x0000000024c95000 	/System/Library/PrivateFrameworks/login.framework/Versions/A/Frameworks/loginsupport.framework/Versions/A/loginsupport
0x0000000024c95000 	/System/Library/PrivateFrameworks/TCC.framework/Versions/A/TCC
0x0000000024c95000 	/usr/lib/libmecabra.dylib
0x0000000024c95000 	/System/Library/Frameworks/ApplicationServices.framework/Versions/A/Frameworks/ATS.framework/Versions/A/ATS
0x0000000024c95000 	/System/Library/Frameworks/ApplicationServices.framework/Versions/A/Frameworks/ColorSyncLegacy.framework/Versions/A/ColorSyncLegacy
0x0000000024c95000 	/System/Library/Frameworks/ApplicationServices.framework/Versions/A/Frameworks/HIServices.framework/Versions/A/HIServices
0x0000000024c95000 	/System/Library/Frameworks/ApplicationServices.framework/Versions/A/Frameworks/LangAnalysis.framework/Versions/A/LangAnalysis
0x0000000024c95000 	/System/Library/Frameworks/ApplicationServices.framework/Versions/A/Frameworks/PrintCore.framework/Versions/A/PrintCore
0x0000000024c95000 	/System/Library/Frameworks/ApplicationServices.framework/Versions/A/Frameworks/QD.framework/Versions/A/QD
0x0000000024c95000 	/System/Library/Frameworks/ApplicationServices.framework/Versions/A/Frameworks/SpeechSynthesis.framework/Versions/A/SpeechSynthesis
0x0000000024c95000 	/System/Library/Frameworks/CoreDisplay.framework/Versions/A/CoreDisplay
0x0000000024c95000 	/System/Library/Frameworks/Accelerate.framework/Versions/A/Frameworks/vImage.framework/Versions/A/vImage
0x0000000024c95000 	/System/Library/Frameworks/Accelerate.framework/Versions/A/Frameworks/vecLib.framework/Versions/A/vecLib
0x0000000024c95000 	/System/Library/Frameworks/Accelerate.framework/Versions/A/Frameworks/vecLib.framework/Versions/A/libvDSP.dylib
0x0000000024c95000 	/System/Library/Frameworks/Accelerate.framework/Versions/A/Frameworks/vecLib.framework/Versions/A/libBNNS.dylib
0x0000000024c95000 	/System/Library/Frameworks/Accelerate.framework/Versions/A/Frameworks/vecLib.framework/Versions/A/libQuadrature.dylib
0x0000000024c95000 	/System/Library/Frameworks/Accelerate.framework/Versions/A/Frameworks/vecLib.framework/Versions/A/libvMisc.dylib
0x0000000024c95000 	/System/Library/Frameworks/Accelerate.framework/Versions/A/Frameworks/vecLib.framework/Versions/A/libLAPACK.dylib
0x0000000024c95000 	/System/Library/Frameworks/Accelerate.framework/Versions/A/Frameworks/vecLib.framework/Versions/A/libBLAS.dylib
0x0000000024c95000 	/System/Library/Frameworks/Accelerate.framework/Versions/A/Frameworks/vecLib.framework/Versions/A/libLinearAlgebra.dylib
0x0000000024c95000 	/System/Library/Frameworks/Accelerate.framework/Versions/A/Frameworks/vecLib.framework/Versions/A/libSparse.dylib
0x0000000024c95000 	/System/Library/Frameworks/Accelerate.framework/Versions/A/Frameworks/vecLib.framework/Versions/A/libSparseBLAS.dylib
0x0000000024c95000 	/System/Library/PrivateFrameworks/IOAccelerator.framework/Versions/A/IOAccelerator
0x0000000024c95000 	/System/Library/PrivateFrameworks/IOPresentment.framework/Versions/A/IOPresentment
0x0000000024c95000 	/System/Library/PrivateFrameworks/DSExternalDisplay.framework/Versions/A/DSExternalDisplay
0x0000000024c95000 	/System/Library/Frameworks/OpenGL.framework/Versions/A/Libraries/libCoreFSCache.dylib
0x0000000024c95000 	/System/Library/Frameworks/CoreVideo.framework/Versions/A/CoreVideo
0x0000000024c95000 	/System/Library/PrivateFrameworks/GraphVisualizer.framework/Versions/A/GraphVisualizer
0x0000000024c95000 	/System/Library/Frameworks/MetalPerformanceShaders.framework/Versions/A/MetalPerformanceShaders
0x0000000024c95000 	/usr/lib/libFosl_dynamic.dylib
0x0000000024c95000 	/System/Library/PrivateFrameworks/FaceCore.framework/Versions/A/FaceCore
0x0000000024c95000 	/System/Library/Frameworks/OpenCL.framework/Versions/A/OpenCL
0x0000000024c95000 	/usr/lib/libcompression.dylib
0x0000000024c95000 	/System/Library/Frameworks/ApplicationServices.framework/Versions/A/Frameworks/ATS.framework/Versions/A/Resources/libFontParser.dylib
0x0000000024c95000 	/System/Library/Frameworks/ApplicationServices.framework/Versions/A/Frameworks/ATS.framework/Versions/A/Resources/libFontRegistry.dylib
0x0000000024c95000 	/System/Library/Frameworks/ImageIO.framework/Versions/A/Resources/libJPEG.dylib
0x0000000024c95000 	/System/Library/Frameworks/ImageIO.framework/Versions/A/Resources/libTIFF.dylib
0x0000000024c95000 	/System/Library/Frameworks/ImageIO.framework/Versions/A/Resources/libPng.dylib
0x0000000024c95000 	/System/Library/Frameworks/ImageIO.framework/Versions/A/Resources/libGIF.dylib
0x0000000024c95000 	/System/Library/Frameworks/ImageIO.framework/Versions/A/Resources/libJP2.dylib
0x0000000024c95000 	/System/Library/Frameworks/ImageIO.framework/Versions/A/Resources/libRadiance.dylib
0x0000000024c95000 	/System/Library/PrivateFrameworks/AppleJPEG.framework/Versions/A/AppleJPEG
0x0000000024c95000 	/System/Library/PrivateFrameworks/MetalTools.framework/Versions/A/MetalTools
0x0000000024c95000 	/System/Library/Frameworks/MetalPerformanceShaders.framework/Frameworks/MPSCore.framework/Versions/A/MPSCore
0x0000000024c95000 	/System/Library/Frameworks/MetalPerformanceShaders.framework/Frameworks/MPSImage.framework/Versions/A/MPSImage
0x0000000024c95000 	/System/Library/Frameworks/MetalPerformanceShaders.framework/Frameworks/MPSMatrix.framework/Versions/A/MPSMatrix
0x0000000024c95000 	/System/Library/Frameworks/MetalPerformanceShaders.framework/Frameworks/MPSNeuralNetwork.framework/Versions/A/MPSNeuralNetwork
0x0000000024c95000 	/System/Library/Frameworks/OpenGL.framework/Versions/A/Libraries/libGLU.dylib
0x0000000024c95000 	/System/Library/Frameworks/OpenGL.framework/Versions/A/Libraries/libGFXShared.dylib
0x0000000024c95000 	/System/Library/Frameworks/OpenGL.framework/Versions/A/Libraries/libGL.dylib
0x0000000024c95000 	/System/Library/Frameworks/OpenGL.framework/Versions/A/Libraries/libGLImage.dylib
0x0000000024c95000 	/System/Library/Frameworks/OpenGL.framework/Versions/A/Libraries/libCVMSPluginSupport.dylib
0x0000000024c95000 	/System/Library/Frameworks/OpenGL.framework/Versions/A/Libraries/libCoreVMClient.dylib
0x0000000024c95000 	/usr/lib/libcups.2.dylib
0x0000000024c95000 	/System/Library/Frameworks/Kerberos.framework/Versions/A/Kerberos
0x0000000024c95000 	/System/Library/Frameworks/GSS.framework/Versions/A/GSS
0x0000000024c95000 	/usr/lib/libresolv.9.dylib
0x0000000024c95000 	/usr/lib/libiconv.2.dylib
0x0000000024c95000 	/System/Library/PrivateFrameworks/Heimdal.framework/Versions/A/Heimdal
0x0000000024c95000 	/usr/lib/libheimdal-asn1.dylib
0x0000000024c95000 	/System/Library/Frameworks/OpenDirectory.framework/Versions/A/OpenDirectory
0x0000000024c95000 	/System/Library/PrivateFrameworks/CommonAuth.framework/Versions/A/CommonAuth
0x0000000024c95000 	/System/Library/Frameworks/OpenDirectory.framework/Versions/A/Frameworks/CFOpenDirectory.framework/Versions/A/CFOpenDirectory
0x0000000024c95000 	/System/Library/Frameworks/SecurityFoundation.framework/Versions/A/SecurityFoundation
0x0000000024c95000 	/System/Library/PrivateFrameworks/APFS.framework/Versions/A/APFS
0x0000000024c95000 	/usr/lib/libutil.dylib
0x0000000024c95000 	/System/Library/PrivateFrameworks/AppleSauce.framework/Versions/A/AppleSauce
0x0000000024c95000 	/System/Library/PrivateFrameworks/LinguisticData.framework/Versions/A/LinguisticData
0x0000000024c95000 	/usr/lib/libmarisa.dylib
0x0000000024c95000 	/System/Library/PrivateFrameworks/Lexicon.framework/Versions/A/Lexicon
0x0000000024c95000 	/usr/lib/libChineseTokenizer.dylib
0x0000000024c95000 	/usr/lib/libcmph.dylib
0x0000000024c95000 	/System/Library/PrivateFrameworks/LanguageModeling.framework/Versions/A/LanguageModeling
0x0000000024c95000 	/System/Library/PrivateFrameworks/CoreEmoji.framework/Versions/A/CoreEmoji
0x0000000024c95000 	/System/Library/Frameworks/ServiceManagement.framework/Versions/A/ServiceManagement
0x0000000024c95000 	/System/Library/PrivateFrameworks/BackgroundTaskManagement.framework/Versions/A/BackgroundTaskManagement
0x0000000024c95000 	/usr/lib/libxslt.1.dylib
0x0000000024c95000 	/System/Library/Frameworks/Carbon.framework/Versions/A/Frameworks/Ink.framework/Versions/A/Ink
0x0000000024c95000 	/System/Library/PrivateFrameworks/TextureIO.framework/Versions/A/TextureIO
0x0000000024c95000 	/usr/lib/libate.dylib
0x0000000024c95000 	/System/Library/PrivateFrameworks/CrashReporterSupport.framework/Versions/A/CrashReporterSupport
0x0000000024c95000 	/System/Library/PrivateFrameworks/Sharing.framework/Versions/A/Sharing
0x0000000024c95000 	/System/Library/PrivateFrameworks/IconServices.framework/Versions/A/IconServices
0x0000000024c95000 	/System/Library/PrivateFrameworks/ProtocolBuffer.framework/Versions/A/ProtocolBuffer
0x0000000024c95000 	/System/Library/PrivateFrameworks/Apple80211.framework/Versions/A/Apple80211
0x0000000024c95000 	/System/Library/Frameworks/CoreWLAN.framework/Versions/A/CoreWLAN
0x0000000024c95000 	/System/Library/PrivateFrameworks/CoreUtils.framework/Versions/A/CoreUtils
0x0000000024c95000 	/System/Library/Frameworks/IOBluetooth.framework/Versions/A/IOBluetooth
0x0000000024c95000 	/System/Library/PrivateFrameworks/CoreWiFi.framework/Versions/A/CoreWiFi
0x0000000024c95000 	/System/Library/Frameworks/CoreBluetooth.framework/Versions/A/CoreBluetooth
0x0000000024c95000 	/System/Library/PrivateFrameworks/SignpostNotification.framework/Versions/A/SignpostNotification
0x0000000024c95000 	/System/Library/PrivateFrameworks/DebugSymbols.framework/Versions/A/DebugSymbols
0x0000000024c95000 	/System/Library/PrivateFrameworks/CoreSymbolication.framework/Versions/A/CoreSymbolication
0x0000000024c95000 	/System/Library/PrivateFrameworks/Symbolication.framework/Versions/A/Symbolication
0x0000000024c95000 	/System/Library/PrivateFrameworks/AppleFSCompression.framework/Versions/A/AppleFSCompression
0x0000000024c95000 	/System/Library/PrivateFrameworks/SpeechRecognitionCore.framework/Versions/A/SpeechRecognitionCore
0x0000000109200000 	/Library/Java/JavaVirtualMachines/jdk1.8.0_131.jdk/Contents/Home/jre/lib/server/libjvm.dylib
0x0000000024c95000 	/usr/lib/libstdc++.6.0.9.dylib
0x00000001088bf000 	/Library/Java/JavaVirtualMachines/jdk1.8.0_131.jdk/Contents/Home/jre/lib/libverify.dylib
0x00000001088cd000 	/Library/Java/JavaVirtualMachines/jdk1.8.0_131.jdk/Contents/Home/jre/lib/libjava.dylib
0x0000000108903000 	/Library/Java/JavaVirtualMachines/jdk1.8.0_131.jdk/Contents/Home/jre/lib/libjdwp.dylib
0x000000010894e000 	/Library/Java/JavaVirtualMachines/jdk1.8.0_131.jdk/Contents/Home/jre/lib/libnpt.dylib
0x000000010899b000 	/Library/Java/JavaVirtualMachines/jdk1.8.0_131.jdk/Contents/Home/jre/lib/libzip.dylib
0x0000000024c95000 	/System/Library/Frameworks/JavaVM.framework/Versions/A/Frameworks/JavaRuntimeSupport.framework/Versions/A/JavaRuntimeSupport
0x0000000024c95000 	/System/Library/Frameworks/JavaVM.framework/Versions/A/Frameworks/JavaNativeFoundation.framework/Versions/A/JavaNativeFoundation
0x0000000024c95000 	/System/Library/Frameworks/JavaVM.framework/Versions/A/JavaVM
0x0000000024c95000 	/System/Library/Frameworks/Carbon.framework/Versions/A/Carbon
0x0000000024c95000 	/System/Library/PrivateFrameworks/JavaLaunching.framework/Versions/A/JavaLaunching
0x0000000024c95000 	/System/Library/Frameworks/Carbon.framework/Versions/A/Frameworks/CommonPanels.framework/Versions/A/CommonPanels
0x0000000024c95000 	/System/Library/Frameworks/Carbon.framework/Versions/A/Frameworks/Help.framework/Versions/A/Help
0x0000000024c95000 	/System/Library/Frameworks/Carbon.framework/Versions/A/Frameworks/ImageCapture.framework/Versions/A/ImageCapture
0x0000000024c95000 	/System/Library/Frameworks/Carbon.framework/Versions/A/Frameworks/OpenScripting.framework/Versions/A/OpenScripting
0x0000000024c95000 	/System/Library/Frameworks/Carbon.framework/Versions/A/Frameworks/Print.framework/Versions/A/Print
0x0000000024c95000 	/System/Library/Frameworks/Carbon.framework/Versions/A/Frameworks/SecurityHI.framework/Versions/A/SecurityHI
0x0000000110af1000 	/Library/Java/JavaVirtualMachines/jdk1.8.0_131.jdk/Contents/Home/jre/lib/libdt_socket.dylib
0x0000000110f7b000 	/Library/Java/JavaVirtualMachines/jdk1.8.0_131.jdk/Contents/Home/jre/lib/libnet.dylib
0x000000011140d000 	/Library/Java/JavaVirtualMachines/jdk1.8.0_131.jdk/Contents/Home/jre/lib/libprism_es2.dylib
0x0000000024c95000 	/System/Library/PrivateFrameworks/CoreServicesInternal.framework/Versions/A/CoreServicesInternal
0x0000000024c95000 	/System/Library/Frameworks/OpenGL.framework/Versions/A/Resources/GLEngine.bundle/GLEngine
0x0000000024c95000 	/System/Library/Frameworks/OpenGL.framework/Versions/A/Libraries/libGLProgrammability.dylib
0x000000012291b000 	/System/Library/Extensions/AppleIntelKBLGraphicsGLDriver.bundle/Contents/MacOS/AppleIntelKBLGraphicsGLDriver
0x0000000024c95000 	/System/Library/PrivateFrameworks/GPUSupport.framework/Versions/A/Libraries/libGPUSupportMercury.dylib
0x0000000024c95000 	/System/Library/Frameworks/OpenGL.framework/Versions/A/Resources/GLRendererFloat.bundle/GLRendererFloat
0x0000000024c95000 	/System/Library/Frameworks/OpenCL.framework/Versions/A/Libraries/libcldcpuengine.dylib
0x0000000024c95000 	/usr/lib/libcrypto.35.dylib
0x0000000024c95000 	/System/Library/PrivateFrameworks/TrustEvaluationAgent.framework/Versions/A/TrustEvaluationAgent
0x0000000111ca5000 	/Library/Java/JavaVirtualMachines/jdk1.8.0_131.jdk/Contents/Home/jre/lib/libglass.dylib
0x0000000024c95000 	/System/Library/CoreServices/RawCamera.bundle/Contents/MacOS/RawCamera
0x0000000024c95000 	/System/Library/PrivateFrameworks/MobileAsset.framework/Versions/A/MobileAsset
0x0000000024c95000 	/System/Library/PrivateFrameworks/StreamingZip.framework/Versions/A/StreamingZip
0x0000000024c95000 	/System/Library/Frameworks/MediaToolbox.framework/Versions/A/MediaToolbox
0x0000000024c95000 	/System/Library/PrivateFrameworks/CoreAVCHD.framework/Versions/A/CoreAVCHD
0x0000000024c95000 	/System/Library/Frameworks/MediaAccessibility.framework/Versions/A/MediaAccessibility
0x0000000024c95000 	/System/Library/PrivateFrameworks/Mangrove.framework/Versions/A/Mangrove
0x0000000024c95000 	/System/Library/Frameworks/CoreMedia.framework/Versions/A/CoreMedia
0x0000000024c95000 	/System/Library/Frameworks/VideoToolbox.framework/Versions/A/VideoToolbox
0x0000000024c95000 	/System/Library/PrivateFrameworks/CoreAUC.framework/Versions/A/CoreAUC
0x0000000024c95000 	/usr/lib/libspindump.dylib
0x0000000024c95000 	/usr/lib/libdscsym.dylib
0x0000000024c95000 	/System/Library/PrivateFrameworks/AppleVA.framework/Versions/A/AppleVA
0x0000000024c95000 	/System/Library/Frameworks/Accelerate.framework/Versions/A/Frameworks/vImage.framework/Versions/A/Libraries/libCGInterfaces.dylib
0x0000000024c95000 	/System/Library/PrivateFrameworks/FamilyControls.framework/Versions/A/FamilyControls
0x0000000024c95000 	/System/Library/PrivateFrameworks/CommerceKit.framework/Versions/A/Frameworks/CommerceCore.framework/Versions/A/CommerceCore
0x0000000024c95000 	/System/Library/PrivateFrameworks/SystemAdministration.framework/Versions/A/SystemAdministration
0x0000000024c95000 	/System/Library/PrivateFrameworks/AppContainer.framework/Versions/A/AppContainer
0x0000000024c95000 	/System/Library/PrivateFrameworks/SecCodeWrapper.framework/Versions/A/SecCodeWrapper
0x0000000024c95000 	/System/Library/PrivateFrameworks/DiskManagement.framework/Versions/A/DiskManagement
0x0000000024c95000 	/System/Library/Frameworks/DirectoryService.framework/Versions/A/DirectoryService
0x0000000024c95000 	/System/Library/PrivateFrameworks/DiskImages.framework/Versions/A/DiskImages
0x0000000024c95000 	/System/Library/PrivateFrameworks/LoginUIKit.framework/Versions/A/Frameworks/LoginUICore.framework/Versions/A/LoginUICore
0x0000000024c95000 	/usr/lib/libCoreStorage.dylib
0x0000000024c95000 	/usr/lib/libcsfde.dylib
0x0000000024c95000 	/usr/lib/libodfde.dylib
0x0000000024c95000 	/System/Library/PrivateFrameworks/MediaKit.framework/Versions/A/MediaKit
0x0000000024c95000 	/System/Library/Frameworks/DiscRecording.framework/Versions/A/DiscRecording
0x0000000024c95000 	/System/Library/PrivateFrameworks/EFILogin.framework/Versions/A/EFILogin
0x0000000024c95000 	/System/Library/PrivateFrameworks/ProtectedCloudStorage.framework/Versions/A/ProtectedCloudStorage
0x0000000024c95000 	/usr/lib/libcurl.4.dylib
0x0000000024c95000 	/usr/lib/libssl.35.dylib
0x0000000024c95000 	/System/Library/Frameworks/LDAP.framework/Versions/A/LDAP
0x0000000024c95000 	/usr/lib/libsasl2.2.dylib
0x0000000024c95000 	/System/Library/PrivateFrameworks/CoreDaemon.framework/Versions/B/CoreDaemon
0x0000000024c95000 	/System/Library/PrivateFrameworks/AppleSRP.framework/Versions/A/AppleSRP
0x0000000126455000 	/Library/Java/JavaVirtualMachines/jdk1.8.0_131.jdk/Contents/Home/jre/lib/libjavafx_iio.dylib
0x00000001246c7000 	/Library/Java/JavaVirtualMachines/jdk1.8.0_131.jdk/Contents/Home/jre/lib/libjavafx_font.dylib
0x0000000024c95000 	/System/Library/Frameworks/ApplicationServices.framework/Versions/A/Frameworks/ATS.framework/Versions/A/Resources/libTrueTypeScaler.dylib
0x0000000024c95000 	/System/Library/Extensions/AppleIntelKBLGraphicsMTLDriver.bundle/Contents/MacOS/AppleIntelKBLGraphicsMTLDriver
0x0000000024c95000 	/System/Library/PrivateFrameworks/GPUCompiler.framework/Versions/3802/Libraries/libmetal_timestamp.dylib
0x0000000024c95000 	/System/Library/PrivateFrameworks/ViewBridge.framework/Versions/A/ViewBridge
0x000000012fd8a000 	/Library/Java/JavaVirtualMachines/jdk1.8.0_131.jdk/Contents/Home/jre/lib/libawt.dylib
0x000000012fe32000 	/Library/Java/JavaVirtualMachines/jdk1.8.0_131.jdk/Contents/Home/jre/lib/./libmlib_image.dylib
0x000000012fefe000 	/Library/Java/JavaVirtualMachines/jdk1.8.0_131.jdk/Contents/Home/jre/lib/libawt_lwawt.dylib
0x0000000110f50000 	/Library/Java/JavaVirtualMachines/jdk1.8.0_131.jdk/Contents/Home/jre/lib/./libosxapp.dylib
0x0000000024c95000 	/System/Library/Frameworks/ExceptionHandling.framework/Versions/A/ExceptionHandling
0x0000000131164000 	/Library/Java/JavaVirtualMachines/jdk1.8.0_131.jdk/Contents/Home/jre/lib/libfontmanager.dylib
0x0000000110f6c000 	/Library/Java/JavaVirtualMachines/jdk1.8.0_131.jdk/Contents/Home/jre/lib/libosxui.dylib
0x0000000126b6c000 	/Library/Java/JavaVirtualMachines/jdk1.8.0_131.jdk/Contents/Home/jre/lib/libjpeg.dylib
0x0000000126d0e000 	/Library/Java/JavaVirtualMachines/jdk1.8.0_131.jdk/Contents/Home/jre/lib/libnio.dylib

VM Arguments:
jvm_args: -ea -Xrunjdwp:transport=dt_socket,server=y,suspend=n,address=54144 -Xdebug -Xnoagent -Djava.compiler=NONE -Ddrjava.debug.port=54144 -Dedu.rice.cs.cunit.concJUnit.check.join.enabled=false -Dedu.rice.cs.cunit.concJUnit.check.lucky.enabled=false -Dedu.rice.cs.cunit.concJUnit.check.threads.enabled=false -Djava.rmi.server.hostname=127.0.0.1 
java_command: edu.rice.cs.plt.concurrent.ProcessTaskController$Runner
java_class_path (initial): /Users/berkealtiparmak/Desktop/DrJava.jar
Launcher Type: SUN_STANDARD

Environment Variables:
PATH=/usr/bin:/bin:/usr/sbin:/sbin
SHELL=/bin/bash

Signal Handlers:
SIGSEGV: [libjvm.dylib+0x5b1eb1], sa_mask[0]=11111111011111110111111111111111, sa_flags=SA_ONSTACK|SA_RESTART|SA_SIGINFO
SIGBUS: [libjvm.dylib+0x5b1eb1], sa_mask[0]=11111111011111110111111111111111, sa_flags=SA_RESTART|SA_SIGINFO
SIGFPE: [libjvm.dylib+0x488988], sa_mask[0]=11111111011111110111111111111111, sa_flags=SA_RESTART|SA_SIGINFO
SIGPIPE: [libjvm.dylib+0x488988], sa_mask[0]=11111111011111110111111111111111, sa_flags=SA_RESTART|SA_SIGINFO
SIGXFSZ: [libjvm.dylib+0x488988], sa_mask[0]=11111111011111110111111111111111, sa_flags=SA_RESTART|SA_SIGINFO
SIGILL: [libjvm.dylib+0x488988], sa_mask[0]=11111111011111110111111111111111, sa_flags=SA_RESTART|SA_SIGINFO
SIGUSR1: SIG_DFL, sa_mask[0]=00000000000000000000000000000000, sa_flags=none
SIGUSR2: [libjvm.dylib+0x4884a6], sa_mask[0]=00100000000000000000000000000000, sa_flags=SA_RESTART|SA_SIGINFO
SIGHUP: [libjvm.dylib+0x486a7d], sa_mask[0]=11111111011111110111111111111111, sa_flags=SA_RESTART|SA_SIGINFO
SIGINT: [libjvm.dylib+0x486a7d], sa_mask[0]=11111111011111110111111111111111, sa_flags=SA_RESTART|SA_SIGINFO
SIGTERM: [libjvm.dylib+0x486a7d], sa_mask[0]=11111111011111110111111111111111, sa_flags=SA_RESTART|SA_SIGINFO
SIGQUIT: [libjvm.dylib+0x486a7d], sa_mask[0]=11111111011111110111111111111111, sa_flags=SA_RESTART|SA_SIGINFO


---------------  S Y S T E M  ---------------

OS:Bsduname:Darwin 17.4.0 Darwin Kernel Version 17.4.0: Sun Dec 17 09:19:54 PST 2017; root:xnu-4570.41.2~1/RELEASE_X86_64 x86_64
rlimit: STACK 8192k, CORE 0k, NPROC 709, NOFILE 10240, AS infinity
load average:3.59 2.84 2.66

CPU:total 4 (initial active 4) (2 cores per cpu, 2 threads per core) family 6 model 142 stepping 9, cmov, cx8, fxsr, mmx, sse, sse2, sse3, ssse3, sse4.1, sse4.2, popcnt, avx, avx2, aes, clmul, erms, 3dnowpref, lzcnt, ht, tsc, tscinvbit, bmi1, bmi2, adx

Memory: 4k page, physical 8388608k(15716k free)

/proc/meminfo:


vm_info: Java HotSpot(TM) 64-Bit Server VM (25.131-b11) for bsd-amd64 JRE (1.8.0_131-b11), built on Mar 15 2017 01:32:22 by "java_re" with gcc 4.2.1 (Based on Apple Inc. build 5658) (LLVM build 2336.11.00)

time: Fri Mar 27 16:59:06 2020
elapsed time: 15 seconds (0d 0h 0m 15s)

