#
# A fatal error has been detected by the Java Runtime Environment:
#
#  SIGSEGV (0xb) at pc=0x00007fff502a1e48, pid=53688, tid=0x0000000000000307
#
# JRE version: Java(TM) SE Runtime Environment (8.0_131-b11) (build 1.8.0_131-b11)
# Java VM: Java HotSpot(TM) 64-Bit Server VM (25.131-b11 mixed mode bsd-amd64 compressed oops)
# Problematic frame:
# C  [JavaNativeFoundation+0x6e48]  -[JNFWeakJObjectWrapper _getWithEnv:]+0x20
#
# Failed to write core dump. Core dumps have been disabled. To enable core dumping, try "ulimit -c unlimited" before starting Java again
#
# If you would like to submit a bug report, please visit:
#   http://bugreport.java.com/bugreport/crash.jsp
#

---------------  T H R E A D  ---------------

Current thread is native thread

siginfo: si_signo: 11 (SIGSEGV), si_code: 0 (unknown), si_addr: 0x0000000000000000

Registers:
RAX=0x00007fd8301c09f8, RBX=0x00007fd8340c8010, RCX=0x0074006900610072, RDX=0x0000000000000000
RSP=0x00007ffee9259f80, RBP=0x00007ffee9259f90, RSI=0x00007fd82fc98250, RDI=0x00007fd8301c09f8
R8 =0x0000000000000000, R9 =0x0000000000000000, R10=0x00007fffa70d9ed8, R11=0x00007fd8340b4080
R12=0x00007fd8301c09f8, R13=0x00007fd832700a50, R14=0x0000000000000008, R15=0x00007fd8340c87f0
RIP=0x00007fff502a1e48, EFLAGS=0x0000000000010246, ERR=0x0000000000000000
  TRAPNO=0x000000000000000d

Top of Stack: (sp=0x00007ffee9259f80)
0x00007ffee9259f80:   00007fd8301c09f8 00007fd830407000
0x00007ffee9259f90:   00007ffee9259fb0 00007fff502a1c5b
0x00007ffee9259fa0:   00007fd8340c8000 00007fd8340bba20
0x00007ffee9259fb0:   00007ffee925a010 0000000129529f53
0x00007ffee9259fc0:   00007fff4a93a53e 0000000000000000
0x00007ffee9259fd0:   41199aaae280ce8c 00007fd830407000
0x00007ffee9259fe0:   00007ffee925a010 00007fff73402e80
0x00007ffee9259ff0:   00007fd8340c87f0 00007fd832700a50
0x00007ffee925a000:   00007fd8340c9140 00007fd830407000
0x00007ffee925a010:   00007ffee925a0c0 00007fff5784f96e
0x00007ffee925a020:   00007fd8340c87f0 0000000000000000
0x00007ffee925a030:   0000000000000000 00007fd8340c87f0
0x00007ffee925a040:   0000000000000000 0000000000000000
0x00007ffee925a050:   00007ffee925a0a0 0000061400000004
0x00007ffee925a060:   0000000000000000 41199aaae280ce8c
0x00007ffee925a070:   00007fd8368079e0 0000000000000000
0x00007ffee925a080:   0000000000000000 00007ffee925a0a0
0x00007ffee925a090:   00007fd8340c87f0 00007fff73402e80
0x00007ffee925a0a0:   0000000000000004 0000000000000000
0x00007ffee925a0b0:   00007fd8340c87f0 00007fff4a93a53e
0x00007ffee925a0c0:   00007ffee925a130 00007fff5784efcf
0x00007ffee925a0d0:   0000000000000000 0000000000000000
0x00007ffee925a0e0:   4092c00000000000 4088500000000000
0x00007ffee925a0f0:   4088500000000000 4092c00000000000
0x00007ffee925a100:   4000000000000000 00007ffee925a200
0x00007ffee925a110:   00007fff73402e80 0000000000000000
0x00007ffee925a120:   00007fff4a93c539 00007fd832600e20
0x00007ffee925a130:   00007ffee925b200 00007fff577f0d3b
0x00007ffee925a140:   00007ffee925b200 00007fff577f0c0b
0x00007ffee925a150:   00007ffee925a200 0000000000000000
0x00007ffee925a160:   0000000000000001 00007fd830a3c600
0x00007ffee925a170:   00007ffee925a1d0 0000020000000100 

Instructions: (pc=0x00007fff502a1e48)
0x00007fff502a1e28:   55 48 89 e5 41 56 53 48 89 d0 48 89 fb 48 8b 08
0x00007fff502a1e38:   4c 8b 35 21 7d e3 56 4a 8b 34 33 31 d2 48 89 c7
0x00007fff502a1e48:   ff 91 c0 00 00 00 3c 01 75 0c 4a c7 04 33 00 00
0x00007fff502a1e58:   00 00 31 c0 eb 04 4a 8b 04 33 5b 41 5e 5d c3 55 

Register to memory mapping:

RAX=0x00007fd8301c09f8 is an unknown value
RBX=0x00007fd8340c8010 is an unknown value
RCX=0x0074006900610072 is an unknown value
RDX=0x0000000000000000 is an unknown value
RSP=0x00007ffee9259f80 is an unknown value
RBP=0x00007ffee9259f90 is an unknown value
RSI=0x00007fd82fc98250 is a weak global jni handle
RDI=0x00007fd8301c09f8 is an unknown value
R8 =0x0000000000000000 is an unknown value
R9 =0x0000000000000000 is an unknown value
R10=0x00007fffa70d9ed8: OBJC_CLASS_$_JNFWeakJObjectWrapper+0 in /System/Library/Frameworks/JavaVM.framework/Versions/A/Frameworks/JavaNativeFoundation.framework/Versions/A/JavaNativeFoundation at 0x00007fff5029b000
R11=0x00007fd8340b4080 is an unknown value
R12=0x00007fd8301c09f8 is an unknown value
R13=0x00007fd832700a50 is an unknown value
R14=0x0000000000000008 is an unknown value
R15=0x00007fd8340c87f0 is an unknown value


Stack: [0x00007ffee8a5e000,0x00007ffee925e000],  sp=0x00007ffee9259f80,  free space=8175k
Native frames: (J=compiled Java code, j=interpreted, Vv=VM code, C=native code)
C  [JavaNativeFoundation+0x6e48]  -[JNFWeakJObjectWrapper _getWithEnv:]+0x20
C  [JavaNativeFoundation+0x6c5b]  -[JNFJObjectWrapper jObjectWithEnv:]+0x16
C  [libawt_lwawt.dylib+0x1af53]  -[CGLLayer drawInCGLContext:pixelFormat:forLayerTime:displayTime:]+0xa4
C  [QuartzCore+0x7096e]  CAOpenGLLayerDraw(CAOpenGLLayer*, double, CVTimeStamp const*, unsigned int)+0x7a7
C  [QuartzCore+0x6ffcf]  -[CAOpenGLLayer _display]+0x235
C  [QuartzCore+0x11d3b]  CA::Layer::display_if_needed(CA::Transaction*)+0x279
C  [QuartzCore+0x117f9]  CA::Layer::layout_and_display_if_needed(CA::Transaction*)+0x23
C  [QuartzCore+0x10894]  CA::Context::commit_transaction(CA::Transaction*)+0x146
C  [QuartzCore+0x1043d]  CA::Transaction::commit()+0x1e7
C  [QuartzCore+0x1bf32]  CA::Transaction::observer_callback(__CFRunLoopObserver*, unsigned long, void*)+0x42
C  [CoreFoundation+0xa3127]  __CFRUNLOOP_IS_CALLING_OUT_TO_AN_OBSERVER_CALLBACK_FUNCTION__+0x17
C  [CoreFoundation+0xa304f]  __CFRunLoopDoObservers+0x20f
C  [CoreFoundation+0x85810]  __CFRunLoopRun+0x640
C  [CoreFoundation+0x84f43]  CFRunLoopRunSpecific+0x1e3
C  [java+0x6465]  CreateExecutionEnvironment+0x367
C  [java+0x218c]  JLI_Launch+0x7a0
C  [java+0x84c2]  main+0x65
C  [java+0x19e4]  start+0x34


---------------  P R O C E S S  ---------------

VM state:not at safepoint (normal execution)

VM Mutex/Monitor currently owned by a thread: None

Heap:
 PSYoungGen      total 71680K, used 57990K [0x0000000795580000, 0x000000079a080000, 0x00000007c0000000)
  eden space 66560K, 87% used [0x0000000795580000,0x0000000798e21ae0,0x0000000799680000)
  from space 5120K, 0% used [0x0000000799b80000,0x0000000799b80000,0x000000079a080000)
  to   space 5120K, 0% used [0x0000000799680000,0x0000000799680000,0x0000000799b80000)
 ParOldGen       total 76288K, used 9812K [0x0000000740000000, 0x0000000744a80000, 0x0000000795580000)
  object space 76288K, 12% used [0x0000000740000000,0x0000000740995280,0x0000000744a80000)
 Metaspace       used 22908K, capacity 23712K, committed 24064K, reserved 1071104K
  class space    used 3020K, capacity 3229K, committed 3328K, reserved 1048576K

Card table byte_map: [0x0000000108623000,0x0000000108a24000] byte_map_base: 0x0000000104c23000

Marking Bits: (ParMarkBitMap*) 0x0000000107af1ea0
 Begin Bits: [0x0000000108ccf000, 0x000000010accf000)
 End Bits:   [0x000000010accf000, 0x000000010cccf000)

Polling page: 0x00000001069e9000

CodeCache: size=245760Kb used=6092Kb max_used=6330Kb free=239667Kb
 bounds [0x00000001107a9000, 0x0000000110df9000, 0x000000011f7a9000]
 total_blobs=2670 nmethods=1890 adapters=700
 compilation: enabled

Compilation events (10 events):
Event: 12.963 Thread 0x00007fd831818800 nmethod 2053 0x0000000110bce450 code [0x0000000110bce5a0, 0x0000000110bce6b0]
Event: 12.963 Thread 0x00007fd831818800 2056       3       java.util.Arrays::binarySearch (10 bytes)
Event: 12.963 Thread 0x00007fd831015800 nmethod 2051 0x00000001109d6f50 code [0x00000001109d70a0, 0x00000001109d7238]
Event: 12.963 Thread 0x00007fd831818800 nmethod 2056 0x0000000110b679d0 code [0x0000000110b67b40, 0x0000000110b67ce8]
Event: 12.973 Thread 0x00007fd831818800 2057       3       java.awt.geom.Rectangle2D::<init> (5 bytes)
Event: 12.973 Thread 0x00007fd831818800 nmethod 2057 0x0000000110b67550 code [0x0000000110b676c0, 0x0000000110b678d0]
Event: 12.973 Thread 0x00007fd831818800 2058       3       java.awt.geom.RectangularShape::<init> (5 bytes)
Event: 12.974 Thread 0x00007fd831818800 nmethod 2058 0x00000001109cc550 code [0x00000001109cc6c0, 0x00000001109cc870]
Event: 12.987 Thread 0x00007fd831818800 2059       1       java.awt.AWTEvent::getID (5 bytes)
Event: 12.988 Thread 0x00007fd831818800 nmethod 2059 0x0000000110c47450 code [0x0000000110c475a0, 0x0000000110c476b0]

GC Heap History (10 events):
Event: 0.643 GC heap before
{Heap before GC invocations=2 (full 1):
 PSYoungGen      total 38400K, used 3256K [0x0000000795580000, 0x0000000798000000, 0x00000007c0000000)
  eden space 33280K, 0% used [0x0000000795580000,0x0000000795580000,0x0000000797600000)
  from space 5120K, 63% used [0x0000000797600000,0x000000079792e028,0x0000000797b00000)
  to   space 5120K, 0% used [0x0000000797b00000,0x0000000797b00000,0x0000000798000000)
 ParOldGen       total 87552K, used 8K [0x0000000740000000, 0x0000000745580000, 0x0000000795580000)
  object space 87552K, 0% used [0x0000000740000000,0x0000000740002000,0x0000000745580000)
 Metaspace       used 8829K, capacity 9022K, committed 9088K, reserved 1056768K
  class space    used 1068K, capacity 1151K, committed 1152K, reserved 1048576K
Event: 0.654 GC heap after
Heap after GC invocations=2 (full 1):
 PSYoungGen      total 38400K, used 0K [0x0000000795580000, 0x0000000798000000, 0x00000007c0000000)
  eden space 33280K, 0% used [0x0000000795580000,0x0000000795580000,0x0000000797600000)
  from space 5120K, 0% used [0x0000000797600000,0x0000000797600000,0x0000000797b00000)
  to   space 5120K, 0% used [0x0000000797b00000,0x0000000797b00000,0x0000000798000000)
 ParOldGen       total 87552K, used 3092K [0x0000000740000000, 0x0000000745580000, 0x0000000795580000)
  object space 87552K, 3% used [0x0000000740000000,0x0000000740305350,0x0000000745580000)
 Metaspace       used 8829K, capacity 9022K, committed 9088K, reserved 1056768K
  class space    used 1068K, capacity 1151K, committed 1152K, reserved 1048576K
}
Event: 1.863 GC heap before
{Heap before GC invocations=3 (full 1):
 PSYoungGen      total 38400K, used 30471K [0x0000000795580000, 0x0000000798000000, 0x00000007c0000000)
  eden space 33280K, 91% used [0x0000000795580000,0x0000000797341d40,0x0000000797600000)
  from space 5120K, 0% used [0x0000000797600000,0x0000000797600000,0x0000000797b00000)
  to   space 5120K, 0% used [0x0000000797b00000,0x0000000797b00000,0x0000000798000000)
 ParOldGen       total 87552K, used 3092K [0x0000000740000000, 0x0000000745580000, 0x0000000795580000)
  object space 87552K, 3% used [0x0000000740000000,0x0000000740305350,0x0000000745580000)
 Metaspace       used 14333K, capacity 14730K, committed 14848K, reserved 1062912K
  class space    used 1854K, capacity 1960K, committed 2048K, reserved 1048576K
Event: 1.872 GC heap after
Heap after GC invocations=3 (full 1):
 PSYoungGen      total 38400K, used 2520K [0x0000000795580000, 0x0000000798000000, 0x00000007c0000000)
  eden space 33280K, 0% used [0x0000000795580000,0x0000000795580000,0x0000000797600000)
  from space 5120K, 49% used [0x0000000797b00000,0x0000000797d763c8,0x0000000798000000)
  to   space 5120K, 0% used [0x0000000797600000,0x0000000797600000,0x0000000797b00000)
 ParOldGen       total 87552K, used 13554K [0x0000000740000000, 0x0000000745580000, 0x0000000795580000)
  object space 87552K, 15% used [0x0000000740000000,0x0000000740d3c928,0x0000000745580000)
 Metaspace       used 14333K, capacity 14730K, committed 14848K, reserved 1062912K
  class space    used 1854K, capacity 1960K, committed 2048K, reserved 1048576K
}
Event: 2.069 GC heap before
{Heap before GC invocations=4 (full 1):
 PSYoungGen      total 38400K, used 28887K [0x0000000795580000, 0x0000000798000000, 0x00000007c0000000)
  eden space 33280K, 79% used [0x0000000795580000,0x0000000796f3fb98,0x0000000797600000)
  from space 5120K, 49% used [0x0000000797b00000,0x0000000797d763c8,0x0000000798000000)
  to   space 5120K, 0% used [0x0000000797600000,0x0000000797600000,0x0000000797b00000)
 ParOldGen       total 87552K, used 13554K [0x0000000740000000, 0x0000000745580000, 0x0000000795580000)
  object space 87552K, 15% used [0x0000000740000000,0x0000000740d3c928,0x0000000745580000)
 Metaspace       used 14340K, capacity 14730K, committed 14848K, reserved 1062912K
  class space    used 1854K, capacity 1960K, committed 2048K, reserved 1048576K
Event: 2.083 GC heap after
Heap after GC invocations=4 (full 1):
 PSYoungGen      total 38400K, used 1587K [0x0000000795580000, 0x000000079a080000, 0x00000007c0000000)
  eden space 33280K, 0% used [0x0000000795580000,0x0000000795580000,0x0000000797600000)
  from space 5120K, 31% used [0x0000000797600000,0x000000079778cd48,0x0000000797b00000)
  to   space 5120K, 0% used [0x0000000799b80000,0x0000000799b80000,0x000000079a080000)
 ParOldGen       total 87552K, used 39707K [0x0000000740000000, 0x0000000745580000, 0x0000000795580000)
  object space 87552K, 45% used [0x0000000740000000,0x00000007426c6fd0,0x0000000745580000)
 Metaspace       used 14340K, capacity 14730K, committed 14848K, reserved 1062912K
  class space    used 1854K, capacity 1960K, committed 2048K, reserved 1048576K
}
Event: 10.559 GC heap before
{Heap before GC invocations=5 (full 1):
 PSYoungGen      total 38400K, used 34725K [0x0000000795580000, 0x000000079a080000, 0x00000007c0000000)
  eden space 33280K, 99% used [0x0000000795580000,0x00000007975dc7e0,0x0000000797600000)
  from space 5120K, 31% used [0x0000000797600000,0x000000079778cd48,0x0000000797b00000)
  to   space 5120K, 0% used [0x0000000799b80000,0x0000000799b80000,0x000000079a080000)
 ParOldGen       total 87552K, used 39707K [0x0000000740000000, 0x0000000745580000, 0x0000000795580000)
  object space 87552K, 45% used [0x0000000740000000,0x00000007426c6fd0,0x0000000745580000)
 Metaspace       used 20535K, capacity 21150K, committed 21296K, reserved 1067008K
  class space    used 2688K, capacity 2882K, committed 2944K, reserved 1048576K
Event: 10.569 GC heap after
Heap after GC invocations=5 (full 1):
 PSYoungGen      total 71680K, used 2304K [0x0000000795580000, 0x000000079a080000, 0x00000007c0000000)
  eden space 66560K, 0% used [0x0000000795580000,0x0000000795580000,0x0000000799680000)
  from space 5120K, 45% used [0x0000000799b80000,0x0000000799dc0040,0x000000079a080000)
  to   space 5120K, 0% used [0x0000000799680000,0x0000000799680000,0x0000000799b80000)
 ParOldGen       total 87552K, used 45790K [0x0000000740000000, 0x0000000745580000, 0x0000000795580000)
  object space 87552K, 52% used [0x0000000740000000,0x0000000742cb7be0,0x0000000745580000)
 Metaspace       used 20535K, capacity 21150K, committed 21296K, reserved 1067008K
  class space    used 2688K, capacity 2882K, committed 2944K, reserved 1048576K
}
Event: 10.569 GC heap before
{Heap before GC invocations=6 (full 2):
 PSYoungGen      total 71680K, used 2304K [0x0000000795580000, 0x000000079a080000, 0x00000007c0000000)
  eden space 66560K, 0% used [0x0000000795580000,0x0000000795580000,0x0000000799680000)
  from space 5120K, 45% used [0x0000000799b80000,0x0000000799dc0040,0x000000079a080000)
  to   space 5120K, 0% used [0x0000000799680000,0x0000000799680000,0x0000000799b80000)
 ParOldGen       total 87552K, used 45790K [0x0000000740000000, 0x0000000745580000, 0x0000000795580000)
  object space 87552K, 52% used [0x0000000740000000,0x0000000742cb7be0,0x0000000745580000)
 Metaspace       used 20535K, capacity 21150K, committed 21296K, reserved 1067008K
  class space    used 2688K, capacity 2882K, committed 2944K, reserved 1048576K
Event: 10.605 GC heap after
Heap after GC invocations=6 (full 2):
 PSYoungGen      total 71680K, used 0K [0x0000000795580000, 0x000000079a080000, 0x00000007c0000000)
  eden space 66560K, 0% used [0x0000000795580000,0x0000000795580000,0x0000000799680000)
  from space 5120K, 0% used [0x0000000799b80000,0x0000000799b80000,0x000000079a080000)
  to   space 5120K, 0% used [0x0000000799680000,0x0000000799680000,0x0000000799b80000)
 ParOldGen       total 76288K, used 9812K [0x0000000740000000, 0x0000000744a80000, 0x0000000795580000)
  object space 76288K, 12% used [0x0000000740000000,0x0000000740995280,0x0000000744a80000)
 Metaspace       used 20535K, capacity 21150K, committed 21296K, reserved 1067008K
  class space    used 2688K, capacity 2882K, committed 2944K, reserved 1048576K
}

Deoptimization events (10 events):
Event: 10.608 Thread 0x00007fd8301c0800 Uncommon trap: reason=unstable_if action=reinterpret pc=0x00000001109f4188 method=java.lang.AbstractStringBuilder.append(Ljava/lang/String;)Ljava/lang/AbstractStringBuilder; @ 1
Event: 10.608 Thread 0x00007fd8301c0800 Uncommon trap: reason=unstable_if action=reinterpret pc=0x00000001109e3d8c method=java.lang.AbstractStringBuilder.append(Ljava/lang/String;)Ljava/lang/AbstractStringBuilder; @ 1
Event: 10.613 Thread 0x00007fd8301c0800 Uncommon trap: reason=unstable_if action=reinterpret pc=0x00000001109d73ac method=java.util.HashMap.hash(Ljava/lang/Object;)I @ 1
Event: 10.616 Thread 0x00007fd8301c0800 Uncommon trap: reason=unstable_if action=reinterpret pc=0x0000000110a10a2c method=java.util.HashMap.hash(Ljava/lang/Object;)I @ 1
Event: 10.672 Thread 0x00007fd83017c000 Uncommon trap: reason=unstable_if action=reinterpret pc=0x0000000110ad1be4 method=java.io.BufferedInputStream.read1([BII)I @ 29
Event: 10.775 Thread 0x00007fd83017c000 Uncommon trap: reason=unstable_if action=reinterpret pc=0x0000000110ac8598 method=java.io.BufferedInputStream.fill()V @ 26
Event: 10.784 Thread 0x00007fd83017c000 Uncommon trap: reason=unstable_if action=reinterpret pc=0x00000001108e8bc4 method=sun.awt.image.PNGImageDecoder.update_crc(I[BII)I @ 7
Event: 10.861 Thread 0x00007fd83017c000 Uncommon trap: reason=unstable_if action=reinterpret pc=0x0000000110d9d9e4 method=sun.awt.image.ImageRepresentation.getOpaqueRGBImage()Ljava/awt/image/BufferedImage; @ 57
Event: 10.899 Thread 0x00007fd83017c000 Uncommon trap: reason=unstable_if action=reinterpret pc=0x0000000110db98c0 method=sun.awt.image.PNGImageDecoder.produceImage()V @ 867
Event: 10.901 Thread 0x00007fd83017c000 Uncommon trap: reason=unstable_if action=reinterpret pc=0x0000000110dab3c4 method=java.awt.image.ReplicateScaleFilter.setPixels(IIIILjava/awt/image/ColorModel;[III)V @ 4

Internal exceptions (10 events):
Event: 7.404 Thread 0x00007fd8301c0800 Exception <a 'java/io/FileNotFoundException'> (0x0000000796d2b2f0) thrown at [/Users/java_re/workspace/8-2-build-macosx-x86_64/jdk8u131/8869/hotspot/src/share/vm/prims/jni.cpp, line 709]
Event: 10.443 Thread 0x00007fd8301c0800 Exception <a 'java/io/FileNotFoundException'> (0x00000007974a14b0) thrown at [/Users/java_re/workspace/8-2-build-macosx-x86_64/jdk8u131/8869/hotspot/src/share/vm/prims/jni.cpp, line 709]
Event: 10.444 Thread 0x00007fd8301c0800 Exception <a 'java/io/FileNotFoundException'> (0x00000007974a2030) thrown at [/Users/java_re/workspace/8-2-build-macosx-x86_64/jdk8u131/8869/hotspot/src/share/vm/prims/jni.cpp, line 709]
Event: 10.608 Thread 0x00007fd8301c0800 Implicit null exception at 0x00000001109f3bf6 to 0x00000001109f416d
Event: 10.608 Thread 0x00007fd8301c0800 Implicit null exception at 0x00000001109e3836 to 0x00000001109e3d75
Event: 10.613 Thread 0x00007fd8301c0800 Implicit null exception at 0x00000001109d70f4 to 0x00000001109d7395
Event: 10.616 Thread 0x00007fd8301c0800 Implicit null exception at 0x0000000110a109af to 0x0000000110a10a1d
Event: 10.901 Thread 0x00007fd83017c000 Implicit null exception at 0x0000000110daa991 to 0x0000000110dab3a5
Event: 11.522 Thread 0x00007fd831802800 Exception <a 'java/lang/NoSuchMethodError': <clinit>> (0x00000007982cc590) thrown at [/Users/java_re/workspace/8-2-build-macosx-x86_64/jdk8u131/8869/hotspot/src/share/vm/prims/jni.cpp, line 1613]
Event: 11.522 Thread 0x00007fd831802800 Exception <a 'java/lang/NoSuchMethodError': <clinit>> (0x00000007982cdf80) thrown at [/Users/java_re/workspace/8-2-build-macosx-x86_64/jdk8u131/8869/hotspot/src/share/vm/prims/jni.cpp, line 1613]

Events (10 events):
Event: 12.960 loading class sun/java2d/loops/GraphicsPrimitiveMgr$PrimitiveSpec done
Event: 12.962 loading class sun/java2d/opengl/OGLSurfaceDataProxy
Event: 12.962 loading class sun/java2d/opengl/OGLSurfaceDataProxy done
Event: 12.962 loading class sun/java2d/StateTrackableDelegate$1
Event: 12.962 loading class sun/java2d/StateTrackableDelegate$1 done
Event: 12.987 loading class java/awt/DefaultKeyboardFocusManager$DefaultKeyboardFocusManagerSentEvent
Event: 12.987 loading class java/awt/SentEvent
Event: 12.987 loading class java/awt/SentEvent done
Event: 12.987 loading class java/awt/DefaultKeyboardFocusManager$DefaultKeyboardFocusManagerSentEvent done
Event: 12.988 loading class javax/swing/JInternalFrame


Dynamic libraries:
0x0000000024c95000 	/System/Library/Frameworks/Cocoa.framework/Versions/A/Cocoa
0x0000000024c95000 	/System/Library/Frameworks/Security.framework/Versions/A/Security
0x0000000024c95000 	/System/Library/Frameworks/ApplicationServices.framework/Versions/A/ApplicationServices
0x0000000024c95000 	/usr/lib/libz.1.dylib
0x0000000024c95000 	/usr/lib/libSystem.B.dylib
0x0000000024c95000 	/usr/lib/libobjc.A.dylib
0x0000000024c95000 	/System/Library/Frameworks/CoreFoundation.framework/Versions/A/CoreFoundation
0x0000000024c95000 	/System/Library/Frameworks/Foundation.framework/Versions/C/Foundation
0x0000000024c95000 	/System/Library/Frameworks/AppKit.framework/Versions/C/AppKit
0x0000000024c95000 	/System/Library/Frameworks/CoreData.framework/Versions/A/CoreData
0x0000000024c95000 	/System/Library/PrivateFrameworks/RemoteViewServices.framework/Versions/A/RemoteViewServices
0x0000000024c95000 	/System/Library/PrivateFrameworks/UIFoundation.framework/Versions/A/UIFoundation
0x0000000024c95000 	/System/Library/PrivateFrameworks/DFRFoundation.framework/Versions/A/DFRFoundation
0x0000000024c95000 	/System/Library/Frameworks/Metal.framework/Versions/A/Metal
0x0000000024c95000 	/System/Library/PrivateFrameworks/DesktopServicesPriv.framework/Versions/A/DesktopServicesPriv
0x0000000024c95000 	/usr/lib/libenergytrace.dylib
0x0000000024c95000 	/System/Library/PrivateFrameworks/SkyLight.framework/Versions/A/SkyLight
0x0000000024c95000 	/System/Library/Frameworks/CoreGraphics.framework/Versions/A/CoreGraphics
0x0000000024c95000 	/usr/lib/libScreenReader.dylib
0x0000000024c95000 	/System/Library/Frameworks/Accelerate.framework/Versions/A/Accelerate
0x0000000024c95000 	/System/Library/Frameworks/IOSurface.framework/Versions/A/IOSurface
0x0000000024c95000 	/System/Library/Frameworks/AudioToolbox.framework/Versions/A/AudioToolbox
0x0000000024c95000 	/System/Library/Frameworks/AudioUnit.framework/Versions/A/AudioUnit
0x0000000024c95000 	/System/Library/PrivateFrameworks/DataDetectorsCore.framework/Versions/A/DataDetectorsCore
0x0000000024c95000 	/System/Library/Frameworks/Carbon.framework/Versions/A/Frameworks/HIToolbox.framework/Versions/A/HIToolbox
0x0000000024c95000 	/usr/lib/libicucore.A.dylib
0x0000000024c95000 	/System/Library/Frameworks/QuartzCore.framework/Versions/A/QuartzCore
0x0000000024c95000 	/System/Library/Frameworks/Carbon.framework/Versions/A/Frameworks/SpeechRecognition.framework/Versions/A/SpeechRecognition
0x0000000024c95000 	/usr/lib/libauto.dylib
0x0000000024c95000 	/usr/lib/libxml2.2.dylib
0x0000000024c95000 	/System/Library/PrivateFrameworks/CoreUI.framework/Versions/A/CoreUI
0x0000000024c95000 	/System/Library/Frameworks/CoreAudio.framework/Versions/A/CoreAudio
0x0000000024c95000 	/System/Library/Frameworks/DiskArbitration.framework/Versions/A/DiskArbitration
0x0000000024c95000 	/usr/lib/liblangid.dylib
0x0000000024c95000 	/System/Library/PrivateFrameworks/MultitouchSupport.framework/Versions/A/MultitouchSupport
0x0000000024c95000 	/System/Library/Frameworks/IOKit.framework/Versions/A/IOKit
0x0000000024c95000 	/usr/lib/libDiagnosticMessagesClient.dylib
0x0000000024c95000 	/System/Library/Frameworks/CoreServices.framework/Versions/A/CoreServices
0x0000000024c95000 	/System/Library/PrivateFrameworks/PerformanceAnalysis.framework/Versions/A/PerformanceAnalysis
0x0000000024c95000 	/System/Library/Frameworks/OpenGL.framework/Versions/A/OpenGL
0x0000000024c95000 	/System/Library/Frameworks/ColorSync.framework/Versions/A/ColorSync
0x0000000024c95000 	/System/Library/Frameworks/CoreImage.framework/Versions/A/CoreImage
0x0000000024c95000 	/System/Library/Frameworks/CoreText.framework/Versions/A/CoreText
0x0000000024c95000 	/System/Library/Frameworks/ImageIO.framework/Versions/A/ImageIO
0x0000000024c95000 	/System/Library/PrivateFrameworks/Backup.framework/Versions/A/Backup
0x0000000024c95000 	/usr/lib/libarchive.2.dylib
0x0000000024c95000 	/System/Library/Frameworks/CFNetwork.framework/Versions/A/CFNetwork
0x0000000024c95000 	/System/Library/Frameworks/SystemConfiguration.framework/Versions/A/SystemConfiguration
0x0000000024c95000 	/usr/lib/libCRFSuite.dylib
0x0000000024c95000 	/usr/lib/libc++.1.dylib
0x0000000024c95000 	/usr/lib/libc++abi.dylib
0x0000000024c95000 	/usr/lib/system/libcache.dylib
0x0000000024c95000 	/usr/lib/system/libcommonCrypto.dylib
0x0000000024c95000 	/usr/lib/system/libcompiler_rt.dylib
0x0000000024c95000 	/usr/lib/system/libcopyfile.dylib
0x0000000024c95000 	/usr/lib/system/libcorecrypto.dylib
0x0000000024c95000 	/usr/lib/system/libdispatch.dylib
0x0000000024c95000 	/usr/lib/system/libdyld.dylib
0x0000000024c95000 	/usr/lib/system/libkeymgr.dylib
0x0000000024c95000 	/usr/lib/system/liblaunch.dylib
0x0000000024c95000 	/usr/lib/system/libmacho.dylib
0x0000000024c95000 	/usr/lib/system/libquarantine.dylib
0x0000000024c95000 	/usr/lib/system/libremovefile.dylib
0x0000000024c95000 	/usr/lib/system/libsystem_asl.dylib
0x0000000024c95000 	/usr/lib/system/libsystem_blocks.dylib
0x0000000024c95000 	/usr/lib/system/libsystem_c.dylib
0x0000000024c95000 	/usr/lib/system/libsystem_configuration.dylib
0x0000000024c95000 	/usr/lib/system/libsystem_coreservices.dylib
0x0000000024c95000 	/usr/lib/system/libsystem_darwin.dylib
0x0000000024c95000 	/usr/lib/system/libsystem_dnssd.dylib
0x0000000024c95000 	/usr/lib/system/libsystem_info.dylib
0x0000000024c95000 	/usr/lib/system/libsystem_m.dylib
0x0000000024c95000 	/usr/lib/system/libsystem_malloc.dylib
0x0000000024c95000 	/usr/lib/system/libsystem_network.dylib
0x0000000024c95000 	/usr/lib/system/libsystem_networkextension.dylib
0x0000000024c95000 	/usr/lib/system/libsystem_notify.dylib
0x0000000024c95000 	/usr/lib/system/libsystem_sandbox.dylib
0x0000000024c95000 	/usr/lib/system/libsystem_secinit.dylib
0x0000000024c95000 	/usr/lib/system/libsystem_kernel.dylib
0x0000000024c95000 	/usr/lib/system/libsystem_platform.dylib
0x0000000024c95000 	/usr/lib/system/libsystem_pthread.dylib
0x0000000024c95000 	/usr/lib/system/libsystem_symptoms.dylib
0x0000000024c95000 	/usr/lib/system/libsystem_trace.dylib
0x0000000024c95000 	/usr/lib/system/libunwind.dylib
0x0000000024c95000 	/usr/lib/system/libxpc.dylib
0x0000000024c95000 	/usr/lib/closure/libclosured.dylib
0x0000000024c95000 	/usr/lib/libbsm.0.dylib
0x0000000024c95000 	/usr/lib/system/libkxld.dylib
0x0000000024c95000 	/usr/lib/libOpenScriptingUtil.dylib
0x0000000024c95000 	/usr/lib/libcoretls.dylib
0x0000000024c95000 	/usr/lib/libcoretls_cfhelpers.dylib
0x0000000024c95000 	/usr/lib/libpam.2.dylib
0x0000000024c95000 	/usr/lib/libsqlite3.dylib
0x0000000024c95000 	/usr/lib/libxar.1.dylib
0x0000000024c95000 	/usr/lib/libbz2.1.0.dylib
0x0000000024c95000 	/usr/lib/liblzma.5.dylib
0x0000000024c95000 	/usr/lib/libnetwork.dylib
0x0000000024c95000 	/usr/lib/libapple_nghttp2.dylib
0x0000000024c95000 	/usr/lib/libpcap.A.dylib
0x0000000024c95000 	/usr/lib/libboringssl.dylib
0x0000000024c95000 	/usr/lib/libusrtcp.dylib
0x0000000024c95000 	/usr/lib/libapple_crypto.dylib
0x0000000024c95000 	/System/Library/Frameworks/CoreServices.framework/Versions/A/Frameworks/FSEvents.framework/Versions/A/FSEvents
0x0000000024c95000 	/System/Library/Frameworks/CoreServices.framework/Versions/A/Frameworks/CarbonCore.framework/Versions/A/CarbonCore
0x0000000024c95000 	/System/Library/Frameworks/CoreServices.framework/Versions/A/Frameworks/Metadata.framework/Versions/A/Metadata
0x0000000024c95000 	/System/Library/Frameworks/CoreServices.framework/Versions/A/Frameworks/OSServices.framework/Versions/A/OSServices
0x0000000024c95000 	/System/Library/Frameworks/CoreServices.framework/Versions/A/Frameworks/SearchKit.framework/Versions/A/SearchKit
0x0000000024c95000 	/System/Library/Frameworks/CoreServices.framework/Versions/A/Frameworks/AE.framework/Versions/A/AE
0x0000000024c95000 	/System/Library/Frameworks/CoreServices.framework/Versions/A/Frameworks/LaunchServices.framework/Versions/A/LaunchServices
0x0000000024c95000 	/System/Library/Frameworks/CoreServices.framework/Versions/A/Frameworks/DictionaryServices.framework/Versions/A/DictionaryServices
0x0000000024c95000 	/System/Library/Frameworks/CoreServices.framework/Versions/A/Frameworks/SharedFileList.framework/Versions/A/SharedFileList
0x0000000024c95000 	/System/Library/Frameworks/NetFS.framework/Versions/A/NetFS
0x0000000024c95000 	/System/Library/PrivateFrameworks/NetAuth.framework/Versions/A/NetAuth
0x0000000024c95000 	/System/Library/PrivateFrameworks/login.framework/Versions/A/Frameworks/loginsupport.framework/Versions/A/loginsupport
0x0000000024c95000 	/System/Library/PrivateFrameworks/TCC.framework/Versions/A/TCC
0x0000000024c95000 	/usr/lib/libmecabra.dylib
0x0000000024c95000 	/System/Library/Frameworks/ApplicationServices.framework/Versions/A/Frameworks/ATS.framework/Versions/A/ATS
0x0000000024c95000 	/System/Library/Frameworks/ApplicationServices.framework/Versions/A/Frameworks/ColorSyncLegacy.framework/Versions/A/ColorSyncLegacy
0x0000000024c95000 	/System/Library/Frameworks/ApplicationServices.framework/Versions/A/Frameworks/HIServices.framework/Versions/A/HIServices
0x0000000024c95000 	/System/Library/Frameworks/ApplicationServices.framework/Versions/A/Frameworks/LangAnalysis.framework/Versions/A/LangAnalysis
0x0000000024c95000 	/System/Library/Frameworks/ApplicationServices.framework/Versions/A/Frameworks/PrintCore.framework/Versions/A/PrintCore
0x0000000024c95000 	/System/Library/Frameworks/ApplicationServices.framework/Versions/A/Frameworks/QD.framework/Versions/A/QD
0x0000000024c95000 	/System/Library/Frameworks/ApplicationServices.framework/Versions/A/Frameworks/SpeechSynthesis.framework/Versions/A/SpeechSynthesis
0x0000000024c95000 	/System/Library/Frameworks/CoreDisplay.framework/Versions/A/CoreDisplay
0x0000000024c95000 	/System/Library/Frameworks/Accelerate.framework/Versions/A/Frameworks/vImage.framework/Versions/A/vImage
0x0000000024c95000 	/System/Library/Frameworks/Accelerate.framework/Versions/A/Frameworks/vecLib.framework/Versions/A/vecLib
0x0000000024c95000 	/System/Library/Frameworks/Accelerate.framework/Versions/A/Frameworks/vecLib.framework/Versions/A/libvDSP.dylib
0x0000000024c95000 	/System/Library/Frameworks/Accelerate.framework/Versions/A/Frameworks/vecLib.framework/Versions/A/libBNNS.dylib
0x0000000024c95000 	/System/Library/Frameworks/Accelerate.framework/Versions/A/Frameworks/vecLib.framework/Versions/A/libQuadrature.dylib
0x0000000024c95000 	/System/Library/Frameworks/Accelerate.framework/Versions/A/Frameworks/vecLib.framework/Versions/A/libvMisc.dylib
0x0000000024c95000 	/System/Library/Frameworks/Accelerate.framework/Versions/A/Frameworks/vecLib.framework/Versions/A/libLAPACK.dylib
0x0000000024c95000 	/System/Library/Frameworks/Accelerate.framework/Versions/A/Frameworks/vecLib.framework/Versions/A/libBLAS.dylib
0x0000000024c95000 	/System/Library/Frameworks/Accelerate.framework/Versions/A/Frameworks/vecLib.framework/Versions/A/libLinearAlgebra.dylib
0x0000000024c95000 	/System/Library/Frameworks/Accelerate.framework/Versions/A/Frameworks/vecLib.framework/Versions/A/libSparse.dylib
0x0000000024c95000 	/System/Library/Frameworks/Accelerate.framework/Versions/A/Frameworks/vecLib.framework/Versions/A/libSparseBLAS.dylib
0x0000000024c95000 	/System/Library/PrivateFrameworks/IOAccelerator.framework/Versions/A/IOAccelerator
0x0000000024c95000 	/System/Library/PrivateFrameworks/IOPresentment.framework/Versions/A/IOPresentment
0x0000000024c95000 	/System/Library/PrivateFrameworks/DSExternalDisplay.framework/Versions/A/DSExternalDisplay
0x0000000024c95000 	/System/Library/Frameworks/OpenGL.framework/Versions/A/Libraries/libCoreFSCache.dylib
0x0000000024c95000 	/System/Library/Frameworks/CoreVideo.framework/Versions/A/CoreVideo
0x0000000024c95000 	/System/Library/PrivateFrameworks/GraphVisualizer.framework/Versions/A/GraphVisualizer
0x0000000024c95000 	/System/Library/Frameworks/MetalPerformanceShaders.framework/Versions/A/MetalPerformanceShaders
0x0000000024c95000 	/usr/lib/libFosl_dynamic.dylib
0x0000000024c95000 	/System/Library/PrivateFrameworks/FaceCore.framework/Versions/A/FaceCore
0x0000000024c95000 	/System/Library/Frameworks/OpenCL.framework/Versions/A/OpenCL
0x0000000024c95000 	/usr/lib/libcompression.dylib
0x0000000024c95000 	/System/Library/Frameworks/ApplicationServices.framework/Versions/A/Frameworks/ATS.framework/Versions/A/Resources/libFontParser.dylib
0x0000000024c95000 	/System/Library/Frameworks/ApplicationServices.framework/Versions/A/Frameworks/ATS.framework/Versions/A/Resources/libFontRegistry.dylib
0x0000000024c95000 	/System/Library/Frameworks/ImageIO.framework/Versions/A/Resources/libJPEG.dylib
0x0000000024c95000 	/System/Library/Frameworks/ImageIO.framework/Versions/A/Resources/libTIFF.dylib
0x0000000024c95000 	/System/Library/Frameworks/ImageIO.framework/Versions/A/Resources/libPng.dylib
0x0000000024c95000 	/System/Library/Frameworks/ImageIO.framework/Versions/A/Resources/libGIF.dylib
0x0000000024c95000 	/System/Library/Frameworks/ImageIO.framework/Versions/A/Resources/libJP2.dylib
0x0000000024c95000 	/System/Library/Frameworks/ImageIO.framework/Versions/A/Resources/libRadiance.dylib
0x0000000024c95000 	/System/Library/PrivateFrameworks/AppleJPEG.framework/Versions/A/AppleJPEG
0x0000000024c95000 	/System/Library/PrivateFrameworks/MetalTools.framework/Versions/A/MetalTools
0x0000000024c95000 	/System/Library/Frameworks/MetalPerformanceShaders.framework/Frameworks/MPSCore.framework/Versions/A/MPSCore
0x0000000024c95000 	/System/Library/Frameworks/MetalPerformanceShaders.framework/Frameworks/MPSImage.framework/Versions/A/MPSImage
0x0000000024c95000 	/System/Library/Frameworks/MetalPerformanceShaders.framework/Frameworks/MPSMatrix.framework/Versions/A/MPSMatrix
0x0000000024c95000 	/System/Library/Frameworks/MetalPerformanceShaders.framework/Frameworks/MPSNeuralNetwork.framework/Versions/A/MPSNeuralNetwork
0x0000000024c95000 	/System/Library/Frameworks/OpenGL.framework/Versions/A/Libraries/libGLU.dylib
0x0000000024c95000 	/System/Library/Frameworks/OpenGL.framework/Versions/A/Libraries/libGFXShared.dylib
0x0000000024c95000 	/System/Library/Frameworks/OpenGL.framework/Versions/A/Libraries/libGL.dylib
0x0000000024c95000 	/System/Library/Frameworks/OpenGL.framework/Versions/A/Libraries/libGLImage.dylib
0x0000000024c95000 	/System/Library/Frameworks/OpenGL.framework/Versions/A/Libraries/libCVMSPluginSupport.dylib
0x0000000024c95000 	/System/Library/Frameworks/OpenGL.framework/Versions/A/Libraries/libCoreVMClient.dylib
0x0000000024c95000 	/usr/lib/libcups.2.dylib
0x0000000024c95000 	/System/Library/Frameworks/Kerberos.framework/Versions/A/Kerberos
0x0000000024c95000 	/System/Library/Frameworks/GSS.framework/Versions/A/GSS
0x0000000024c95000 	/usr/lib/libresolv.9.dylib
0x0000000024c95000 	/usr/lib/libiconv.2.dylib
0x0000000024c95000 	/System/Library/PrivateFrameworks/Heimdal.framework/Versions/A/Heimdal
0x0000000024c95000 	/usr/lib/libheimdal-asn1.dylib
0x0000000024c95000 	/System/Library/Frameworks/OpenDirectory.framework/Versions/A/OpenDirectory
0x0000000024c95000 	/System/Library/PrivateFrameworks/CommonAuth.framework/Versions/A/CommonAuth
0x0000000024c95000 	/System/Library/Frameworks/OpenDirectory.framework/Versions/A/Frameworks/CFOpenDirectory.framework/Versions/A/CFOpenDirectory
0x0000000024c95000 	/System/Library/Frameworks/SecurityFoundation.framework/Versions/A/SecurityFoundation
0x0000000024c95000 	/System/Library/PrivateFrameworks/APFS.framework/Versions/A/APFS
0x0000000024c95000 	/usr/lib/libutil.dylib
0x0000000024c95000 	/System/Library/PrivateFrameworks/AppleSauce.framework/Versions/A/AppleSauce
0x0000000024c95000 	/System/Library/PrivateFrameworks/LinguisticData.framework/Versions/A/LinguisticData
0x0000000024c95000 	/usr/lib/libmarisa.dylib
0x0000000024c95000 	/System/Library/PrivateFrameworks/Lexicon.framework/Versions/A/Lexicon
0x0000000024c95000 	/usr/lib/libChineseTokenizer.dylib
0x0000000024c95000 	/usr/lib/libcmph.dylib
0x0000000024c95000 	/System/Library/PrivateFrameworks/LanguageModeling.framework/Versions/A/LanguageModeling
0x0000000024c95000 	/System/Library/PrivateFrameworks/CoreEmoji.framework/Versions/A/CoreEmoji
0x0000000024c95000 	/System/Library/Frameworks/ServiceManagement.framework/Versions/A/ServiceManagement
0x0000000024c95000 	/System/Library/PrivateFrameworks/BackgroundTaskManagement.framework/Versions/A/BackgroundTaskManagement
0x0000000024c95000 	/usr/lib/libxslt.1.dylib
0x0000000024c95000 	/System/Library/Frameworks/Carbon.framework/Versions/A/Frameworks/Ink.framework/Versions/A/Ink
0x0000000024c95000 	/System/Library/PrivateFrameworks/TextureIO.framework/Versions/A/TextureIO
0x0000000024c95000 	/usr/lib/libate.dylib
0x0000000024c95000 	/System/Library/PrivateFrameworks/CrashReporterSupport.framework/Versions/A/CrashReporterSupport
0x0000000024c95000 	/System/Library/PrivateFrameworks/Sharing.framework/Versions/A/Sharing
0x0000000024c95000 	/System/Library/PrivateFrameworks/IconServices.framework/Versions/A/IconServices
0x0000000024c95000 	/System/Library/PrivateFrameworks/ProtocolBuffer.framework/Versions/A/ProtocolBuffer
0x0000000024c95000 	/System/Library/PrivateFrameworks/Apple80211.framework/Versions/A/Apple80211
0x0000000024c95000 	/System/Library/Frameworks/CoreWLAN.framework/Versions/A/CoreWLAN
0x0000000024c95000 	/System/Library/PrivateFrameworks/CoreUtils.framework/Versions/A/CoreUtils
0x0000000024c95000 	/System/Library/Frameworks/IOBluetooth.framework/Versions/A/IOBluetooth
0x0000000024c95000 	/System/Library/PrivateFrameworks/CoreWiFi.framework/Versions/A/CoreWiFi
0x0000000024c95000 	/System/Library/Frameworks/CoreBluetooth.framework/Versions/A/CoreBluetooth
0x0000000024c95000 	/System/Library/PrivateFrameworks/SignpostNotification.framework/Versions/A/SignpostNotification
0x0000000024c95000 	/System/Library/PrivateFrameworks/DebugSymbols.framework/Versions/A/DebugSymbols
0x0000000024c95000 	/System/Library/PrivateFrameworks/CoreSymbolication.framework/Versions/A/CoreSymbolication
0x0000000024c95000 	/System/Library/PrivateFrameworks/Symbolication.framework/Versions/A/Symbolication
0x0000000024c95000 	/System/Library/PrivateFrameworks/AppleFSCompression.framework/Versions/A/AppleFSCompression
0x0000000024c95000 	/System/Library/PrivateFrameworks/SpeechRecognitionCore.framework/Versions/A/SpeechRecognitionCore
0x0000000107200000 	/Library/Java/JavaVirtualMachines/jdk1.8.0_131.jdk/Contents/Home/jre/lib/server/libjvm.dylib
0x0000000024c95000 	/usr/lib/libstdc++.6.0.9.dylib
0x00000001069db000 	/Library/Java/JavaVirtualMachines/jdk1.8.0_131.jdk/Contents/Home/jre/lib/libverify.dylib
0x00000001081a3000 	/Library/Java/JavaVirtualMachines/jdk1.8.0_131.jdk/Contents/Home/jre/lib/libjava.dylib
0x00000001081d8000 	/Library/Java/JavaVirtualMachines/jdk1.8.0_131.jdk/Contents/Home/jre/lib/libjdwp.dylib
0x00000001069ea000 	/Library/Java/JavaVirtualMachines/jdk1.8.0_131.jdk/Contents/Home/jre/lib/libnpt.dylib
0x00000001069f7000 	/Library/Java/JavaVirtualMachines/jdk1.8.0_131.jdk/Contents/Home/jre/lib/libzip.dylib
0x0000000024c95000 	/System/Library/Frameworks/JavaVM.framework/Versions/A/Frameworks/JavaRuntimeSupport.framework/Versions/A/JavaRuntimeSupport
0x0000000024c95000 	/System/Library/Frameworks/JavaVM.framework/Versions/A/Frameworks/JavaNativeFoundation.framework/Versions/A/JavaNativeFoundation
0x0000000024c95000 	/System/Library/Frameworks/JavaVM.framework/Versions/A/JavaVM
0x0000000024c95000 	/System/Library/Frameworks/Carbon.framework/Versions/A/Carbon
0x0000000024c95000 	/System/Library/PrivateFrameworks/JavaLaunching.framework/Versions/A/JavaLaunching
0x0000000024c95000 	/System/Library/Frameworks/Carbon.framework/Versions/A/Frameworks/CommonPanels.framework/Versions/A/CommonPanels
0x0000000024c95000 	/System/Library/Frameworks/Carbon.framework/Versions/A/Frameworks/Help.framework/Versions/A/Help
0x0000000024c95000 	/System/Library/Frameworks/Carbon.framework/Versions/A/Frameworks/ImageCapture.framework/Versions/A/ImageCapture
0x0000000024c95000 	/System/Library/Frameworks/Carbon.framework/Versions/A/Frameworks/OpenScripting.framework/Versions/A/OpenScripting
0x0000000024c95000 	/System/Library/Frameworks/Carbon.framework/Versions/A/Frameworks/Print.framework/Versions/A/Print
0x0000000024c95000 	/System/Library/Frameworks/Carbon.framework/Versions/A/Frameworks/SecurityHI.framework/Versions/A/SecurityHI
0x0000000110591000 	/Library/Java/JavaVirtualMachines/jdk1.8.0_131.jdk/Contents/Home/jre/lib/libdt_socket.dylib
0x000000011fa72000 	/Library/Java/JavaVirtualMachines/jdk1.8.0_131.jdk/Contents/Home/jre/lib/libnet.dylib
0x000000011ff4b000 	/Library/Java/JavaVirtualMachines/jdk1.8.0_131.jdk/Contents/Home/jre/lib/libprism_es2.dylib
0x0000000024c95000 	/System/Library/PrivateFrameworks/CoreServicesInternal.framework/Versions/A/CoreServicesInternal
0x0000000024c95000 	/System/Library/Frameworks/OpenGL.framework/Versions/A/Resources/GLEngine.bundle/GLEngine
0x0000000024c95000 	/System/Library/Frameworks/OpenGL.framework/Versions/A/Libraries/libGLProgrammability.dylib
0x00000001201f5000 	/System/Library/Extensions/AppleIntelKBLGraphicsGLDriver.bundle/Contents/MacOS/AppleIntelKBLGraphicsGLDriver
0x0000000024c95000 	/System/Library/PrivateFrameworks/GPUSupport.framework/Versions/A/Libraries/libGPUSupportMercury.dylib
0x0000000024c95000 	/System/Library/Frameworks/OpenGL.framework/Versions/A/Resources/GLRendererFloat.bundle/GLRendererFloat
0x0000000024c95000 	/System/Library/Frameworks/OpenCL.framework/Versions/A/Libraries/libcldcpuengine.dylib
0x0000000024c95000 	/usr/lib/libcrypto.35.dylib
0x0000000024c95000 	/System/Library/PrivateFrameworks/TrustEvaluationAgent.framework/Versions/A/TrustEvaluationAgent
0x000000012180d000 	/Library/Java/JavaVirtualMachines/jdk1.8.0_131.jdk/Contents/Home/jre/lib/libglass.dylib
0x0000000024c95000 	/System/Library/CoreServices/RawCamera.bundle/Contents/MacOS/RawCamera
0x0000000024c95000 	/System/Library/PrivateFrameworks/MobileAsset.framework/Versions/A/MobileAsset
0x0000000024c95000 	/System/Library/PrivateFrameworks/StreamingZip.framework/Versions/A/StreamingZip
0x0000000024c95000 	/System/Library/Frameworks/MediaToolbox.framework/Versions/A/MediaToolbox
0x0000000024c95000 	/System/Library/PrivateFrameworks/CoreAVCHD.framework/Versions/A/CoreAVCHD
0x0000000024c95000 	/System/Library/Frameworks/MediaAccessibility.framework/Versions/A/MediaAccessibility
0x0000000024c95000 	/System/Library/PrivateFrameworks/Mangrove.framework/Versions/A/Mangrove
0x0000000024c95000 	/System/Library/Frameworks/CoreMedia.framework/Versions/A/CoreMedia
0x0000000024c95000 	/System/Library/Frameworks/VideoToolbox.framework/Versions/A/VideoToolbox
0x0000000024c95000 	/System/Library/PrivateFrameworks/CoreAUC.framework/Versions/A/CoreAUC
0x0000000024c95000 	/usr/lib/libspindump.dylib
0x0000000024c95000 	/usr/lib/libdscsym.dylib
0x0000000024c95000 	/System/Library/PrivateFrameworks/AppleVA.framework/Versions/A/AppleVA
0x0000000024c95000 	/System/Library/Frameworks/Accelerate.framework/Versions/A/Frameworks/vImage.framework/Versions/A/Libraries/libCGInterfaces.dylib
0x0000000024c95000 	/System/Library/PrivateFrameworks/FamilyControls.framework/Versions/A/FamilyControls
0x0000000024c95000 	/System/Library/PrivateFrameworks/CommerceKit.framework/Versions/A/Frameworks/CommerceCore.framework/Versions/A/CommerceCore
0x0000000024c95000 	/System/Library/PrivateFrameworks/SystemAdministration.framework/Versions/A/SystemAdministration
0x0000000024c95000 	/System/Library/PrivateFrameworks/AppContainer.framework/Versions/A/AppContainer
0x0000000024c95000 	/System/Library/PrivateFrameworks/SecCodeWrapper.framework/Versions/A/SecCodeWrapper
0x0000000024c95000 	/System/Library/PrivateFrameworks/DiskManagement.framework/Versions/A/DiskManagement
0x0000000024c95000 	/System/Library/Frameworks/DirectoryService.framework/Versions/A/DirectoryService
0x0000000024c95000 	/System/Library/PrivateFrameworks/DiskImages.framework/Versions/A/DiskImages
0x0000000024c95000 	/System/Library/PrivateFrameworks/LoginUIKit.framework/Versions/A/Frameworks/LoginUICore.framework/Versions/A/LoginUICore
0x0000000024c95000 	/usr/lib/libCoreStorage.dylib
0x0000000024c95000 	/usr/lib/libcsfde.dylib
0x0000000024c95000 	/usr/lib/libodfde.dylib
0x0000000024c95000 	/System/Library/PrivateFrameworks/MediaKit.framework/Versions/A/MediaKit
0x0000000024c95000 	/System/Library/Frameworks/DiscRecording.framework/Versions/A/DiscRecording
0x0000000024c95000 	/System/Library/PrivateFrameworks/EFILogin.framework/Versions/A/EFILogin
0x0000000024c95000 	/System/Library/PrivateFrameworks/ProtectedCloudStorage.framework/Versions/A/ProtectedCloudStorage
0x0000000024c95000 	/usr/lib/libcurl.4.dylib
0x0000000024c95000 	/usr/lib/libssl.35.dylib
0x0000000024c95000 	/System/Library/Frameworks/LDAP.framework/Versions/A/LDAP
0x0000000024c95000 	/usr/lib/libsasl2.2.dylib
0x0000000024c95000 	/System/Library/PrivateFrameworks/CoreDaemon.framework/Versions/B/CoreDaemon
0x0000000024c95000 	/System/Library/PrivateFrameworks/AppleSRP.framework/Versions/A/AppleSRP
0x000000012456d000 	/Library/Java/JavaVirtualMachines/jdk1.8.0_131.jdk/Contents/Home/jre/lib/libjavafx_iio.dylib
0x00000001242fd000 	/Library/Java/JavaVirtualMachines/jdk1.8.0_131.jdk/Contents/Home/jre/lib/libjavafx_font.dylib
0x0000000024c95000 	/System/Library/Frameworks/ApplicationServices.framework/Versions/A/Frameworks/ATS.framework/Versions/A/Resources/libTrueTypeScaler.dylib
0x0000000024c95000 	/System/Library/Extensions/AppleIntelKBLGraphicsMTLDriver.bundle/Contents/MacOS/AppleIntelKBLGraphicsMTLDriver
0x0000000024c95000 	/System/Library/PrivateFrameworks/GPUCompiler.framework/Versions/3802/Libraries/libmetal_timestamp.dylib
0x0000000024c95000 	/System/Library/PrivateFrameworks/ViewBridge.framework/Versions/A/ViewBridge
0x000000011f9bd000 	/Library/Java/JavaVirtualMachines/jdk1.8.0_131.jdk/Contents/Home/jre/lib/libawt.dylib
0x0000000129443000 	/Library/Java/JavaVirtualMachines/jdk1.8.0_131.jdk/Contents/Home/jre/lib/./libmlib_image.dylib
0x000000012950f000 	/Library/Java/JavaVirtualMachines/jdk1.8.0_131.jdk/Contents/Home/jre/lib/libawt_lwawt.dylib
0x000000011f8e1000 	/Library/Java/JavaVirtualMachines/jdk1.8.0_131.jdk/Contents/Home/jre/lib/./libosxapp.dylib
0x0000000024c95000 	/System/Library/Frameworks/ExceptionHandling.framework/Versions/A/ExceptionHandling
0x00000001313ef000 	/Library/Java/JavaVirtualMachines/jdk1.8.0_131.jdk/Contents/Home/jre/lib/libfontmanager.dylib
0x000000011fe7b000 	/Library/Java/JavaVirtualMachines/jdk1.8.0_131.jdk/Contents/Home/jre/lib/libosxui.dylib
0x00000001277df000 	/Library/Java/JavaVirtualMachines/jdk1.8.0_131.jdk/Contents/Home/jre/lib/libnio.dylib

VM Arguments:
jvm_args: -ea -Xrunjdwp:transport=dt_socket,server=y,suspend=n,address=56810 -Xdebug -Xnoagent -Djava.compiler=NONE -Ddrjava.debug.port=56810 -Dedu.rice.cs.cunit.concJUnit.check.join.enabled=false -Dedu.rice.cs.cunit.concJUnit.check.lucky.enabled=false -Dedu.rice.cs.cunit.concJUnit.check.threads.enabled=false -Djava.rmi.server.hostname=127.0.0.1 
java_command: edu.rice.cs.plt.concurrent.ProcessTaskController$Runner
java_class_path (initial): /Users/berkealtiparmak/Desktop/DrJava.jar
Launcher Type: SUN_STANDARD

Environment Variables:
PATH=/usr/bin:/bin:/usr/sbin:/sbin
SHELL=/bin/bash

Signal Handlers:
SIGSEGV: [libjvm.dylib+0x5b1eb1], sa_mask[0]=11111111011111110111111111111111, sa_flags=SA_ONSTACK|SA_RESTART|SA_SIGINFO
SIGBUS: [libjvm.dylib+0x5b1eb1], sa_mask[0]=11111111011111110111111111111111, sa_flags=SA_RESTART|SA_SIGINFO
SIGFPE: [libjvm.dylib+0x488988], sa_mask[0]=11111111011111110111111111111111, sa_flags=SA_RESTART|SA_SIGINFO
SIGPIPE: [libjvm.dylib+0x488988], sa_mask[0]=11111111011111110111111111111111, sa_flags=SA_RESTART|SA_SIGINFO
SIGXFSZ: [libjvm.dylib+0x488988], sa_mask[0]=11111111011111110111111111111111, sa_flags=SA_RESTART|SA_SIGINFO
SIGILL: [libjvm.dylib+0x488988], sa_mask[0]=11111111011111110111111111111111, sa_flags=SA_RESTART|SA_SIGINFO
SIGUSR1: SIG_DFL, sa_mask[0]=00000000000000000000000000000000, sa_flags=none
SIGUSR2: [libjvm.dylib+0x4884a6], sa_mask[0]=00100000000000000000000000000000, sa_flags=SA_RESTART|SA_SIGINFO
SIGHUP: [libjvm.dylib+0x486a7d], sa_mask[0]=11111111011111110111111111111111, sa_flags=SA_RESTART|SA_SIGINFO
SIGINT: [libjvm.dylib+0x486a7d], sa_mask[0]=11111111011111110111111111111111, sa_flags=SA_RESTART|SA_SIGINFO
SIGTERM: [libjvm.dylib+0x486a7d], sa_mask[0]=11111111011111110111111111111111, sa_flags=SA_RESTART|SA_SIGINFO
SIGQUIT: [libjvm.dylib+0x486a7d], sa_mask[0]=11111111011111110111111111111111, sa_flags=SA_RESTART|SA_SIGINFO


---------------  S Y S T E M  ---------------

OS:Bsduname:Darwin 17.4.0 Darwin Kernel Version 17.4.0: Sun Dec 17 09:19:54 PST 2017; root:xnu-4570.41.2~1/RELEASE_X86_64 x86_64
rlimit: STACK 8192k, CORE 0k, NPROC 709, NOFILE 10240, AS infinity
load average:3.90 3.78 3.09

CPU:total 4 (initial active 4) (2 cores per cpu, 2 threads per core) family 6 model 142 stepping 9, cmov, cx8, fxsr, mmx, sse, sse2, sse3, ssse3, sse4.1, sse4.2, popcnt, avx, avx2, aes, clmul, erms, 3dnowpref, lzcnt, ht, tsc, tscinvbit, bmi1, bmi2, adx

Memory: 4k page, physical 8388608k(225236k free)

/proc/meminfo:


vm_info: Java HotSpot(TM) 64-Bit Server VM (25.131-b11) for bsd-amd64 JRE (1.8.0_131-b11), built on Mar 15 2017 01:32:22 by "java_re" with gcc 4.2.1 (Based on Apple Inc. build 5658) (LLVM build 2336.11.00)

time: Fri Mar 27 18:56:05 2020
elapsed time: 12 seconds (0d 0h 0m 12s)

